<?xml version="1.0" encoding="UTF-8"?>
<testsuite xmlns:xsi="http://www.w3.org/2001/XMLSchema-instance" xsi:noNamespaceSchemaLocation="https://maven.apache.org/surefire/maven-surefire-plugin/xsd/surefire-test-report-3.0.xsd" version="3.0" name="TestSuite" time="760.128" tests="120" errors="0" skipped="0" failures="1">
  <properties>
    <property name="sun.desktop" value="windows"/>
    <property name="awt.toolkit" value="sun.awt.windows.WToolkit"/>
    <property name="serverInstallationPath" value="C:\HQbird\Firebird30\"/>
    <property name="java.specification.version" value="12"/>
    <property name="webdriver.chrome.driver" value="src/test/resurces/Driver/chromedriver.exe"/>
    <property name="sun.cpu.isalist" value="amd64"/>
    <property name="sun.jnu.encoding" value="Cp1252"/>
    <property name="java.class.path" value="C:\dgtest\target\test-classes;C:\dgtest\target\classes;C:\Users\Proger\.m2\repository\org\seleniumhq\selenium\selenium-java\3.14.0\selenium-java-3.14.0.jar;C:\Users\Proger\.m2\repository\org\seleniumhq\selenium\selenium-api\3.14.0\selenium-api-3.14.0.jar;C:\Users\Proger\.m2\repository\org\seleniumhq\selenium\selenium-chrome-driver\3.14.0\selenium-chrome-driver-3.14.0.jar;C:\Users\Proger\.m2\repository\org\seleniumhq\selenium\selenium-edge-driver\3.14.0\selenium-edge-driver-3.14.0.jar;C:\Users\Proger\.m2\repository\org\seleniumhq\selenium\selenium-firefox-driver\3.14.0\selenium-firefox-driver-3.14.0.jar;C:\Users\Proger\.m2\repository\org\seleniumhq\selenium\selenium-ie-driver\3.14.0\selenium-ie-driver-3.14.0.jar;C:\Users\Proger\.m2\repository\org\seleniumhq\selenium\selenium-opera-driver\3.14.0\selenium-opera-driver-3.14.0.jar;C:\Users\Proger\.m2\repository\org\seleniumhq\selenium\selenium-remote-driver\3.14.0\selenium-remote-driver-3.14.0.jar;C:\Users\Proger\.m2\repository\org\seleniumhq\selenium\selenium-safari-driver\3.14.0\selenium-safari-driver-3.14.0.jar;C:\Users\Proger\.m2\repository\org\seleniumhq\selenium\selenium-support\3.14.0\selenium-support-3.14.0.jar;C:\Users\Proger\.m2\repository\net\bytebuddy\byte-buddy\1.8.15\byte-buddy-1.8.15.jar;C:\Users\Proger\.m2\repository\org\apache\commons\commons-exec\1.3\commons-exec-1.3.jar;C:\Users\Proger\.m2\repository\commons-codec\commons-codec\1.10\commons-codec-1.10.jar;C:\Users\Proger\.m2\repository\commons-logging\commons-logging\1.2\commons-logging-1.2.jar;C:\Users\Proger\.m2\repository\com\google\guava\guava\25.0-jre\guava-25.0-jre.jar;C:\Users\Proger\.m2\repository\com\google\code\findbugs\jsr305\1.3.9\jsr305-1.3.9.jar;C:\Users\Proger\.m2\repository\org\checkerframework\checker-compat-qual\2.0.0\checker-compat-qual-2.0.0.jar;C:\Users\Proger\.m2\repository\com\google\errorprone\error_prone_annotations\2.1.3\error_prone_annotations-2.1.3.jar;C:\Users\Proger\.m2\repository\com\google\j2objc\j2objc-annotations\1.1\j2objc-annotations-1.1.jar;C:\Users\Proger\.m2\repository\org\codehaus\mojo\animal-sniffer-annotations\1.14\animal-sniffer-annotations-1.14.jar;C:\Users\Proger\.m2\repository\org\apache\httpcomponents\httpclient\4.5.5\httpclient-4.5.5.jar;C:\Users\Proger\.m2\repository\org\apache\httpcomponents\httpcore\4.4.9\httpcore-4.4.9.jar;C:\Users\Proger\.m2\repository\com\squareup\okhttp3\okhttp\3.10.0\okhttp-3.10.0.jar;C:\Users\Proger\.m2\repository\com\squareup\okio\okio\1.14.1\okio-1.14.1.jar;C:\Users\Proger\.m2\repository\org\apache\directory\studio\org.apache.commons.io\2.4\org.apache.commons.io-2.4.jar;C:\Users\Proger\.m2\repository\commons-io\commons-io\2.4\commons-io-2.4.jar;C:\Users\Proger\.m2\repository\org\testng\testng\7.0.0\testng-7.0.0.jar;C:\Users\Proger\.m2\repository\com\beust\jcommander\1.72\jcommander-1.72.jar;C:\Users\Proger\.m2\repository\io\qameta\allure\allure-testng\2.13.1\allure-testng-2.13.1.jar;C:\Users\Proger\.m2\repository\io\qameta\allure\allure-java-commons\2.13.1\allure-java-commons-2.13.1.jar;C:\Users\Proger\.m2\repository\io\qameta\allure\allure-model\2.13.1\allure-model-2.13.1.jar;C:\Users\Proger\.m2\repository\com\fasterxml\jackson\core\jackson-databind\2.9.8\jackson-databind-2.9.8.jar;C:\Users\Proger\.m2\repository\com\fasterxml\jackson\core\jackson-annotations\2.9.0\jackson-annotations-2.9.0.jar;C:\Users\Proger\.m2\repository\com\fasterxml\jackson\core\jackson-core\2.9.8\jackson-core-2.9.8.jar;C:\Users\Proger\.m2\repository\org\apache\tika\tika-core\1.20\tika-core-1.20.jar;C:\Users\Proger\.m2\repository\org\jooq\joor-java-8\0.9.10\joor-java-8-0.9.10.jar;C:\Users\Proger\.m2\repository\org\slf4j\slf4j-simple\1.7.30\slf4j-simple-1.7.30.jar;C:\Users\Proger\.m2\repository\org\slf4j\slf4j-api\1.7.30\slf4j-api-1.7.30.jar;"/>
    <property name="java.vm.vendor" value="Oracle Corporation"/>
    <property name="sun.arch.data.model" value="64"/>
    <property name="user.variant" value=""/>
    <property name="java.vendor.url" value="https://java.oracle.com/"/>
    <property name="user.timezone" value="GMT+03:00"/>
    <property name="os.name" value="Windows 10"/>
    <property name="java.vm.specification.version" value="12"/>
    <property name="webdriver.chrome.silentOutput" value="true"/>
    <property name="sun.java.launcher" value="SUN_STANDARD"/>
    <property name="user.country" value="RU"/>
    <property name="sun.boot.library.path" value="C:\Program Files\Java\jdk-12\bin"/>
    <property name="sun.java.command" value="C:\Users\Proger\AppData\Local\Temp\surefire6084281505234340482\surefirebooter15381661812761100748.jar C:\Users\Proger\AppData\Local\Temp\surefire6084281505234340482 2020-04-02T15-30-32_918-jvmRun1 surefire9195943927040970402tmp surefire_014153700792069970945tmp"/>
    <property name="jdk.debug" value="release"/>
    <property name="surefire.test.class.path" value="C:\dgtest\target\test-classes;C:\dgtest\target\classes;C:\Users\Proger\.m2\repository\org\seleniumhq\selenium\selenium-java\3.14.0\selenium-java-3.14.0.jar;C:\Users\Proger\.m2\repository\org\seleniumhq\selenium\selenium-api\3.14.0\selenium-api-3.14.0.jar;C:\Users\Proger\.m2\repository\org\seleniumhq\selenium\selenium-chrome-driver\3.14.0\selenium-chrome-driver-3.14.0.jar;C:\Users\Proger\.m2\repository\org\seleniumhq\selenium\selenium-edge-driver\3.14.0\selenium-edge-driver-3.14.0.jar;C:\Users\Proger\.m2\repository\org\seleniumhq\selenium\selenium-firefox-driver\3.14.0\selenium-firefox-driver-3.14.0.jar;C:\Users\Proger\.m2\repository\org\seleniumhq\selenium\selenium-ie-driver\3.14.0\selenium-ie-driver-3.14.0.jar;C:\Users\Proger\.m2\repository\org\seleniumhq\selenium\selenium-opera-driver\3.14.0\selenium-opera-driver-3.14.0.jar;C:\Users\Proger\.m2\repository\org\seleniumhq\selenium\selenium-remote-driver\3.14.0\selenium-remote-driver-3.14.0.jar;C:\Users\Proger\.m2\repository\org\seleniumhq\selenium\selenium-safari-driver\3.14.0\selenium-safari-driver-3.14.0.jar;C:\Users\Proger\.m2\repository\org\seleniumhq\selenium\selenium-support\3.14.0\selenium-support-3.14.0.jar;C:\Users\Proger\.m2\repository\net\bytebuddy\byte-buddy\1.8.15\byte-buddy-1.8.15.jar;C:\Users\Proger\.m2\repository\org\apache\commons\commons-exec\1.3\commons-exec-1.3.jar;C:\Users\Proger\.m2\repository\commons-codec\commons-codec\1.10\commons-codec-1.10.jar;C:\Users\Proger\.m2\repository\commons-logging\commons-logging\1.2\commons-logging-1.2.jar;C:\Users\Proger\.m2\repository\com\google\guava\guava\25.0-jre\guava-25.0-jre.jar;C:\Users\Proger\.m2\repository\com\google\code\findbugs\jsr305\1.3.9\jsr305-1.3.9.jar;C:\Users\Proger\.m2\repository\org\checkerframework\checker-compat-qual\2.0.0\checker-compat-qual-2.0.0.jar;C:\Users\Proger\.m2\repository\com\google\errorprone\error_prone_annotations\2.1.3\error_prone_annotations-2.1.3.jar;C:\Users\Proger\.m2\repository\com\google\j2objc\j2objc-annotations\1.1\j2objc-annotations-1.1.jar;C:\Users\Proger\.m2\repository\org\codehaus\mojo\animal-sniffer-annotations\1.14\animal-sniffer-annotations-1.14.jar;C:\Users\Proger\.m2\repository\org\apache\httpcomponents\httpclient\4.5.5\httpclient-4.5.5.jar;C:\Users\Proger\.m2\repository\org\apache\httpcomponents\httpcore\4.4.9\httpcore-4.4.9.jar;C:\Users\Proger\.m2\repository\com\squareup\okhttp3\okhttp\3.10.0\okhttp-3.10.0.jar;C:\Users\Proger\.m2\repository\com\squareup\okio\okio\1.14.1\okio-1.14.1.jar;C:\Users\Proger\.m2\repository\org\apache\directory\studio\org.apache.commons.io\2.4\org.apache.commons.io-2.4.jar;C:\Users\Proger\.m2\repository\commons-io\commons-io\2.4\commons-io-2.4.jar;C:\Users\Proger\.m2\repository\org\testng\testng\7.0.0\testng-7.0.0.jar;C:\Users\Proger\.m2\repository\com\beust\jcommander\1.72\jcommander-1.72.jar;C:\Users\Proger\.m2\repository\io\qameta\allure\allure-testng\2.13.1\allure-testng-2.13.1.jar;C:\Users\Proger\.m2\repository\io\qameta\allure\allure-java-commons\2.13.1\allure-java-commons-2.13.1.jar;C:\Users\Proger\.m2\repository\io\qameta\allure\allure-model\2.13.1\allure-model-2.13.1.jar;C:\Users\Proger\.m2\repository\com\fasterxml\jackson\core\jackson-databind\2.9.8\jackson-databind-2.9.8.jar;C:\Users\Proger\.m2\repository\com\fasterxml\jackson\core\jackson-annotations\2.9.0\jackson-annotations-2.9.0.jar;C:\Users\Proger\.m2\repository\com\fasterxml\jackson\core\jackson-core\2.9.8\jackson-core-2.9.8.jar;C:\Users\Proger\.m2\repository\org\apache\tika\tika-core\1.20\tika-core-1.20.jar;C:\Users\Proger\.m2\repository\org\jooq\joor-java-8\0.9.10\joor-java-8-0.9.10.jar;C:\Users\Proger\.m2\repository\org\slf4j\slf4j-simple\1.7.30\slf4j-simple-1.7.30.jar;C:\Users\Proger\.m2\repository\org\slf4j\slf4j-api\1.7.30\slf4j-api-1.7.30.jar;"/>
    <property name="sun.cpu.endian" value="little"/>
    <property name="allure.results.directory" value="C:/dgtest/src/test/reports/allure-results"/>
    <property name="user.home" value="C:\Users\Proger"/>
    <property name="user.language" value="ru"/>
    <property name="java.specification.vendor" value="Oracle Corporation"/>
    <property name="pathhqbirddata" value="C:\HQBirdData\"/>
    <property name="java.version.date" value="2019-03-19"/>
    <property name="java.home" value="C:\Program Files\Java\jdk-12"/>
    <property name="file.separator" value="\"/>
    <property name="basedir" value="C:\dgtest"/>
    <property name="java.vm.compressedOopsMode" value="32-bit"/>
    <property name="line.separator" value="&#10;"/>
    <property name="java.vm.specification.vendor" value="Oracle Corporation"/>
    <property name="java.specification.name" value="Java Platform API Specification"/>
    <property name="java.awt.graphicsenv" value="sun.awt.Win32GraphicsEnvironment"/>
    <property name="surefire.real.class.path" value="C:\Users\Proger\AppData\Local\Temp\surefire6084281505234340482\surefirebooter15381661812761100748.jar"/>
    <property name="webdriver.chrome.verboseLogging" value="false"/>
    <property name="user.script" value=""/>
    <property name="sun.management.compiler" value="HotSpot 64-Bit Tiered Compilers"/>
    <property name="java.runtime.version" value="12+33"/>
    <property name="user.name" value="Proger"/>
    <property name="path.separator" value=";"/>
    <property name="os.version" value="10.0"/>
    <property name="java.runtime.name" value="Java(TM) SE Runtime Environment"/>
    <property name="file.encoding" value="Cp1251"/>
    <property name="java.vm.name" value="Java HotSpot(TM) 64-Bit Server VM"/>
    <property name="webdriver.chrome.args" value="--disable-logging"/>
    <property name="localRepository" value="C:\Users\Proger\.m2\repository"/>
    <property name="java.vendor.url.bug" value="https://bugreport.java.com/bugreport/"/>
    <property name="java.io.tmpdir" value="C:\Users\Proger\AppData\Local\Temp\"/>
    <property name="java.version" value="12"/>
    <property name="user.dir" value="C:\dgtest"/>
    <property name="os.arch" value="amd64"/>
    <property name="java.vm.specification.name" value="Java Virtual Machine Specification"/>
    <property name="browsername" value="chrome"/>
    <property name="sun.os.patch.level" value=""/>
    <property name="java.library.path" value="C:\Program Files\Java\jdk-12\bin;C:\WINDOWS\Sun\Java\bin;C:\WINDOWS\system32;C:\WINDOWS;c:\dgtest\Maven\bin;;C:\bin;C:\bin\usr\local\wbin;C:\Program Files\TortoiseSVN\bin;C:\Windows\System32;C:\WINDOWS\system32;C:\WINDOWS;C:\WINDOWS\System32\Wbem;C:\WINDOWS\System32\WindowsPowerShell\v1.0\;C:\WINDOWS\System32\OpenSSH\;C:\Program Files\Git\cmd;C:\Program Files\Java\jdk-12\bin;C:\Users\Proger\AppData\Local\Microsoft\WindowsApps;C:\Program Files\Java\jdk-12\bin;;C:\Users\Proger\AppData\Local\Programs\Microsoft VS Code\bin;."/>
    <property name="java.vm.info" value="mixed mode, sharing"/>
    <property name="java.vendor" value="Oracle Corporation"/>
    <property name="java.vm.version" value="12+33"/>
    <property name="sun.io.unicode.encoding" value="UnicodeLittle"/>
    <property name="java.class.version" value="56.0"/>
  </properties>
  <testcase name="testAddDbEmptyPath" classname="TestPage.TestDashboard.TestDatabase" time="0.534"/>
  <testcase name="testAddDbEmptyName" classname="TestPage.TestDashboard.TestDatabase" time="0.513"/>
  <testcase name="testAddDbIncorrectPath" classname="TestPage.TestDashboard.TestDatabase" time="0.41"/>
  <testcase name="testAddDbIncorrectAlias" classname="TestPage.TestDashboard.TestDatabase" time="0.653"/>
  <testcase name="testAddDbCorrect" classname="TestPage.TestDashboard.TestDatabase" time="6.405"/>
  <testcase name="testAddDbAlreadyExist" classname="TestPage.TestDashboard.TestDatabase" time="2.557"/>
  <testcase name="testCreateVerifiedBackupScheduleIncorrect" classname="TestPage.TestDashboard.Backup.TestVerifiedBackup" time="1.793"/>
  <testcase name="testCreateVerifiedBackupMaxNumbNegative" classname="TestPage.TestDashboard.Backup.TestVerifiedBackup" time="0.653"/>
  <testcase name="testCreateVerifiedBackupMaxNumbNotNumbers" classname="TestPage.TestDashboard.Backup.TestVerifiedBackup" time="0.678"/>
  <testcase name="testCreateVerifiedBackupCorrect" classname="TestPage.TestDashboard.Backup.TestVerifiedBackup" time="35.473"/>
  <testcase name="testCreateIncrementalBackupMaxDurationEmpty" classname="TestPage.TestDashboard.Backup.TestIncrementalBackup" time="3.839"/>
  <testcase name="testCreateIncrementalBackupMinFreeSpaceEmpty" classname="TestPage.TestDashboard.Backup.TestIncrementalBackup" time="3.696"/>
  <testcase name="testCreateIncrementalBackupPathFolderEmpty" classname="TestPage.TestDashboard.Backup.TestIncrementalBackup" time="3.65"/>
  <testcase name="testCreateIncrementalBackupJournalFolderEmpty" classname="TestPage.TestDashboard.Backup.TestIncrementalBackup" time="3.671"/>
  <testcase name="testCreateIncrementalBackupPerformBackupEmpty" classname="TestPage.TestDashboard.Backup.TestIncrementalBackup" time="3.632"/>
  <testcase name="testCreateIncrementalBackupCorrect" classname="TestPage.TestDashboard.Backup.TestIncrementalBackup" time="36.677"/>
  <testcase name="testCreateDumpBackupScheduleIncorrect" classname="TestPage.TestDashboard.Backup.TestDumpBackup" time="1.068"/>
  <testcase name="testCreateDumpBackupMinFreeSpaceEmpty" classname="TestPage.TestDashboard.Backup.TestDumpBackup" time="0.997"/>
  <testcase name="testCreateDumpBackupPathFolderEmpty" classname="TestPage.TestDashboard.Backup.TestDumpBackup" time="1.169"/>
  <testcase name="testCreateDumpBackupMaxNumbFilesEmpty" classname="TestPage.TestDashboard.Backup.TestDumpBackup" time="0.884"/>
  <testcase name="testCreateDumpBackupCorrect" classname="TestPage.TestDashboard.Backup.TestDumpBackup" time="33.838"/>
  <testcase name="testCreateRestoreDbScheduleIncorrect" classname="TestPage.TestDashboard.Backup.TestRestoreDb" time="2.087"/>
  <testcase name="testCreateRestoreDbBackupFolderEmptyField" classname="TestPage.TestDashboard.Backup.TestRestoreDb" time="1.909"/>
  <testcase name="testCreateRestoreDbPathTemplateBackupFolderEmptyField" classname="TestPage.TestDashboard.Backup.TestRestoreDb" time="1.915"/>
  <testcase name="testCreateRestoreTimeTakeBackupEmptyField" classname="TestPage.TestDashboard.Backup.TestRestoreDb" time="1.931"/>
  <testcase name="testCreateRestoreDbPathRestoreFolderEmptyField" classname="TestPage.TestDashboard.Backup.TestRestoreDb" time="1.891"/>
  <testcase name="testCreateRestoreDbRestoreFileNameEmptyField" classname="TestPage.TestDashboard.Backup.TestRestoreDb" time="1.922"/>
  <testcase name="testCreateRestoreDbSuffixFileNameEmptyField" classname="TestPage.TestDashboard.Backup.TestRestoreDb" time="1.946"/>
  <testcase name="testCreateRestoreDbLimitProcessTimeEmptyField" classname="TestPage.TestDashboard.Backup.TestRestoreDb" time="1.951"/>
  <testcase name="testCreateRestoreDbMinFreeSpaceEmptyField" classname="TestPage.TestDashboard.Backup.TestRestoreDb" time="1.919"/>
  <testcase name="testCreateRestoreDbCorrect" classname="TestPage.TestDashboard.Backup.TestRestoreDb" time="35.335"/>
  <testcase name="testCheckScheduleIncorrect" classname="TestPage.TestDashboard.Backup.TestSqlPing" time="1.483"/>
  <testcase name="testCheckSqlQueryEmptyField" classname="TestPage.TestDashboard.Backup.TestSqlPing" time="1.471"/>
  <testcase name="testCreateSqlPingCorrect" classname="TestPage.TestDashboard.Backup.TestSqlPing" time="45.154">
    <failure message="Status sql ping not OK expected [OK] but found [IMPORTANT]" type="java.lang.AssertionError"><![CDATA[java.lang.AssertionError: Status sql ping not OK expected [OK] but found [IMPORTANT]
	at TestPage.TestDashboard.Backup.TestSqlPing.testCreateSqlPingCorrect(TestSqlPing.java:101)
]]></failure>
    <system-err><![CDATA[testCreateSqlPingCorrect - Failure
]]></system-err>
  </testcase>
  <testcase name="testCheckScheduleIncorrectField" classname="TestPage.TestDashboard.Backup.TestValidateDb" time="1.459"/>
  <testcase name="testCheckShutdownTimeoutEmptyField" classname="TestPage.TestDashboard.Backup.TestValidateDb" time="0.596"/>
  <testcase name="testCreateValidateBDCorrect" classname="TestPage.TestDashboard.Backup.TestValidateDb" time="34.621"/>
  <testcase name="testCheckPeriodEmptyField" classname="TestPage.TestDashboard.Backup.TestCloudBackup" time="0.336"/>
  <testcase name="testCheckMonitorFolderEmptyField" classname="TestPage.TestDashboard.Backup.TestCloudBackup" time="1.215"/>
  <testcase name="testCheckFilenameTemplateEmptyField" classname="TestPage.TestDashboard.Backup.TestCloudBackup" time="1.083"/>
  <testcase name="testCheckFiledConnectionFtpEmptyField" classname="TestPage.TestDashboard.Backup.TestCloudBackup" time="1.086"/>
  <testcase name="testCheckKeepNSourceFilesFieldEmptyField" classname="TestPage.TestDashboard.Backup.TestCloudBackup" time="1.122"/>
  <testcase name="testCheckFtpServerEmptyField" classname="TestPage.TestDashboard.Backup.TestCloudBackup" time="3.74"/>
  <testcase name="testCheckFtpPortEmptyField" classname="TestPage.TestDashboard.Backup.TestCloudBackup" time="1.539"/>
  <testcase name="testCheckPeriodEmptyField" classname="TestPage.TestDashboard.Backup.TestCloudBackupReceiver" time="2.604"/>
  <testcase name="testCheckWatchIncomingFilesEmptyField" classname="TestPage.TestDashboard.Backup.TestCloudBackupReceiver" time="1.484"/>
  <testcase name="testCheckFilenameTemplateEmptyField" classname="TestPage.TestDashboard.Backup.TestCloudBackupReceiver" time="1.415"/>
  <testcase name="testCheckExtensionPackedFilesEmptyField" classname="TestPage.TestDashboard.Backup.TestCloudBackupReceiver" time="1.409"/>
  <testcase name="testCheckDecryptPasswordEmptyField" classname="TestPage.TestDashboard.Backup.TestCloudBackupReceiver" time="1.461"/>
  <testcase name="testCheckAlertFileCountIncorrectValue" classname="TestPage.TestDashboard.Backup.TestCloudBackupReceiver" time="1.856"/>
  <testcase name="testCheckAlertFileAgeEmptyField" classname="TestPage.TestDashboard.Backup.TestCloudBackupReceiver" time="1.472"/>
  <testcase name="testCheckPeriodEmptyField" classname="TestPage.TestDashboard.TestTransactions" time="1.447"/>
  <testcase name="testCheckFiledAlterOSTOITMoreEmptyField" classname="TestPage.TestDashboard.TestTransactions" time="0.836"/>
  <testcase name="testCheckFiledMaxTransactionsEmptyField" classname="TestPage.TestDashboard.TestTransactions" time="0.769"/>
  <testcase name="testCheckFiledAlterNextOATMoreEmptyField" classname="TestPage.TestDashboard.TestTransactions" time="0.774"/>
  <testcase name="testCheckPeriodEmptyField" classname="TestPage.TestDashboard.TestLockprint" time="0.314"/>
  <testcase name="testCheckFiledDeadlockScansThresholdEmptyValue" classname="TestPage.TestDashboard.TestLockprint" time="1.827"/>
  <testcase name="testCreateFiledDeadlockScansThresholdNumbNegativeValue" classname="TestPage.TestDashboard.TestLockprint" time="0.325"/>
  <testcase name="testCheckFiledDeadlockThresholdEmptyValue" classname="TestPage.TestDashboard.TestLockprint" time="1.515"/>
  <testcase name="testCreateFiledDeadlockThresholdNumbNegativeValue" classname="TestPage.TestDashboard.TestLockprint" time="0.335"/>
  <testcase name="testCheckFiledMutexWaitThresholdEmptyValue" classname="TestPage.TestDashboard.TestLockprint" time="1.564"/>
  <testcase name="testCreateFiledMutexWaitThresholdNumbNegativeValue" classname="TestPage.TestDashboard.TestLockprint" time="0.339"/>
  <testcase name="testCheckFiledHashSlotsEmptyValue" classname="TestPage.TestDashboard.TestLockprint" time="1.54"/>
  <testcase name="testCreateFiledHashSlotsNumbNegativeValue" classname="TestPage.TestDashboard.TestLockprint" time="0.343"/>
  <testcase name="testCheckFiledMinLengthEmptyValue" classname="TestPage.TestDashboard.TestLockprint" time="1.539"/>
  <testcase name="testCreateFiledMinLengthNumbNegativeValue" classname="TestPage.TestDashboard.TestLockprint" time="0.329"/>
  <testcase name="testCheckFiledAverageLengthEmptyValue" classname="TestPage.TestDashboard.TestLockprint" time="1.897"/>
  <testcase name="testCreateFiledAverageLengthNumbNegativeValue" classname="TestPage.TestDashboard.TestLockprint" time="0.416"/>
  <testcase name="testCheckFiledOwnersLimitEmptyValue" classname="TestPage.TestDashboard.TestLockprint" time="1.575"/>
  <testcase name="testCreateFiledOwnersLimitNumbNegativeValue" classname="TestPage.TestDashboard.TestLockprint" time="0.331"/>
  <testcase name="testCheckFiledFreeOwnersLimitEmptyValue" classname="TestPage.TestDashboard.TestLockprint" time="1.943"/>
  <testcase name="testCreateFiledFreeOwnersLimitNumbNegativeValue" classname="TestPage.TestDashboard.TestLockprint" time="0.351"/>
  <testcase name="testCheckFiledLockTableSizeEmptyValue" classname="TestPage.TestDashboard.TestLockprint" time="1.564"/>
  <testcase name="testCreateFiledLockTableSizeNumbNegativeValue" classname="TestPage.TestDashboard.TestLockprint" time="0.365"/>
  <testcase name="testCheckFiledBuffersMaxEmptyValue" classname="TestPage.TestDashboard.TestLockprint" time="1.505"/>
  <testcase name="testCreateFiledBuffersMaxNumbNegativeValue" classname="TestPage.TestDashboard.TestLockprint" time="0.349"/>
  <testcase name="testCheckPeriodEmptyField" classname="TestPage.TestDashboard.TestSweepSchedule" time="1.448"/>
  <testcase name="testCheckFiledDeadlockScansThresholdEmptyValue" classname="TestPage.TestDashboard.TestSweepSchedule" time="1.574"/>
  <testcase name="testCreateFiledDeadlockScansThresholdNumbNegativeValue" classname="TestPage.TestDashboard.TestSweepSchedule" time="0.304"/>
  <testcase name="testCheckPeriodEmptyField" classname="TestPage.TestDashboard.TestDelta" time="1.447"/>
  <testcase name="testCheckFiledMaxDeltaBytesEmptyValue" classname="TestPage.TestDashboard.TestDelta" time="0.688"/>
  <testcase name="testCheckFiledMaxDeltaMinutesEmptyValue" classname="TestPage.TestDashboard.TestDelta" time="0.633"/>
  <testcase name="testCheckPeriodEmptyField" classname="TestPage.TestDashboard.TestDiskSpace" time="1.437"/>
  <testcase name="testCheckFiledMaxDeltaBytesEmptyValue" classname="TestPage.TestDashboard.TestDiskSpace" time="0.664"/>
  <testcase name="testCheckFiledMaxDeltaMinutesEmptyValue" classname="TestPage.TestDashboard.TestDiskSpace" time="0.609"/>
  <testcase name="testCheckPeriodEmptyField" classname="TestPage.TestDashboard.TestDbStatus" time="1.533"/>
  <testcase name="testCheckStoreStatisticEmptyField" classname="TestPage.TestDashboard.TestDbStatus" time="0.886"/>
  <testcase name="testCheckStatisticsArchiveDepthEmptyValue" classname="TestPage.TestDashboard.TestDbStatus" time="0.845"/>
  <testcase name="testCheckStatisticsFileNamePatternEmptyField" classname="TestPage.TestDashboard.TestDbStatus" time="0.805"/>
  <testcase name="testCheckFieldPeriodEmptyValue" classname="TestPage.TestDashboard.TestIndexStatistics" time="1.449"/>
  <testcase name="testCheckFieldStatisticsArchiveDepthEmptyValue" classname="TestPage.TestDashboard.TestIndexStatistics" time="0.59"/>
  <testcase name="testCheckPeriodEmptyField" classname="TestPage.TestDashboard.TestLowLevelMetadata" time="1.458"/>
  <testcase name="testCheckFieldMetadataFolderEmptyValue" classname="TestPage.TestDashboard.TestLowLevelMetadata" time="0.897"/>
  <testcase name="testCheckFieldMaxFormatsEmptyValue" classname="TestPage.TestDashboard.TestLowLevelMetadata" time="0.834"/>
  <testcase name="testCheckFieldDateFormatFolderNameEmptyValue" classname="TestPage.TestDashboard.TestLowLevelMetadata" time="0.876"/>
  <testcase name="testCreateMasterSync_EmptyReplicaDatabaseField" classname="TestPage.TestDashboard.Replica.TestReplica" time="2.212"/>
  <testcase name="testCreateMasterSync_Correct" classname="TestPage.TestDashboard.Replica.TestReplica" time="4.6"/>
  <testcase name="testCreateReplicaSync_Correct" classname="TestPage.TestDashboard.Replica.TestReplica" time="7.863"/>
  <testcase name="testCreateMasterAsync_EmptyLogDirectoryField" classname="TestPage.TestDashboard.Replica.TestReplica" time="7.001"/>
  <testcase name="testCreateMasterAsync_EmptyLogArchiveDirectoryField" classname="TestPage.TestDashboard.Replica.TestReplica" time="1.671"/>
  <testcase name="testCreateMasterAsync_IncorrectLogArchiveTimeoutField" classname="TestPage.TestDashboard.Replica.TestReplica" time="0.674"/>
  <testcase name="testCreateMasterAsync_Correct" classname="TestPage.TestDashboard.Replica.TestReplica" time="5.634"/>
  <testcase name="testCreateMasterAsync_CheckCreateTable" classname="TestPage.TestDashboard.Replica.TestReplica" time="80.02"/>
  <testcase name="testCreateMasterAsync_ReinitializeReplicaDatabaseCorrect" classname="TestPage.TestDashboard.Replica.TestReplica" time="22.053"/>
  <testcase name="testCreateReplicaAsync_EmptyLogArchiveDirectoryField" classname="TestPage.TestDashboard.Replica.TestReplica" time="15.382"/>
  <testcase name="testCreateReplicaAsync_Correct" classname="TestPage.TestDashboard.Replica.TestReplica" time="3.859"/>
  <testcase name="testAddFtpCorrect" classname="TestPage.TestDashboard.Replica.TestReplica" time="11.952"/>
  <testcase name="testAddCloudBackupCorrect" classname="TestPage.TestDashboard.Replica.TestReplica" time="9.919"/>
  <testcase name="testAddCloudBackupReceiverCorrect" classname="TestPage.TestDashboard.Replica.TestReplica" time="8.752"/>
  <testcase name="testCreateReplicaAsync_CheckSelectTable" classname="TestPage.TestDashboard.Replica.TestReplica" time="5.008"/>
  <testcase name="testCheckPeriodEmptyField" classname="TestPage.TestPerformance.TestTransactionMonitoring" time="2.46"/>
  <testcase name="testCheckFieldOutputFolderEmptyValue" classname="TestPage.TestPerformance.TestTransactionMonitoring" time="0.903"/>
  <testcase name="testCheckFiledShowTransactionsOlderEmptyValue" classname="TestPage.TestPerformance.TestTransactionMonitoring" time="0.862"/>
  <testcase name="testCreateFiledShowTransactionsOlderNumbNegativeValue" classname="TestPage.TestPerformance.TestTransactionMonitoring" time="0.252"/>
  <testcase name="testCheckSendAlertOldestActiveTransactionEmptyValue" classname="TestPage.TestPerformance.TestTransactionMonitoring" time="0.855"/>
  <testcase name="testCreateSendAlertOldestActiveTransactionNumbNegativeValue" classname="TestPage.TestPerformance.TestTransactionMonitoring" time="0.304"/>
  <testcase name="testCheckShowOnlyNNOldestActiveTransactionsEmptyValue" classname="TestPage.TestPerformance.TestTransactionMonitoring" time="1.393"/>
  <testcase name="testCreateShowOnlyNNOldestActiveTransactionsNumbNegativeValue" classname="TestPage.TestPerformance.TestTransactionMonitoring" time="0.267"/>
  <testcase name="testCheckPeriodEmptyField" classname="TestPage.TestPerformance.TestPerformanceMonitoring" time="2.897"/>
  <testcase name="testCheckFieldOutputFolderEmptyValue" classname="TestPage.TestPerformance.TestPerformanceMonitoring" time="1.93"/>
</testsuite>