<?xml version="1.0" encoding="UTF-8"?>
<testsuite xmlns:xsi="http://www.w3.org/2001/XMLSchema-instance" xsi:noNamespaceSchemaLocation="https://maven.apache.org/surefire/maven-surefire-plugin/xsd/surefire-test-report-3.0.xsd" version="3.0" name="TestSuite" time="294.944" tests="63" errors="0" skipped="0" failures="2">
  <properties>
    <property name="sun.desktop" value="windows"/>
    <property name="awt.toolkit" value="sun.awt.windows.WToolkit"/>
    <property name="java.specification.version" value="12"/>
    <property name="webdriver.chrome.driver" value="src/test/resurces/chromedriver.exe"/>
    <property name="sun.cpu.isalist" value="amd64"/>
    <property name="sun.jnu.encoding" value="Cp1252"/>
    <property name="java.class.path" value="C:\dgtest\target\test-classes;C:\dgtest\target\classes;C:\Users\Proger\.m2\repository\org\seleniumhq\selenium\selenium-java\3.14.0\selenium-java-3.14.0.jar;C:\Users\Proger\.m2\repository\org\seleniumhq\selenium\selenium-api\3.14.0\selenium-api-3.14.0.jar;C:\Users\Proger\.m2\repository\org\seleniumhq\selenium\selenium-chrome-driver\3.14.0\selenium-chrome-driver-3.14.0.jar;C:\Users\Proger\.m2\repository\org\seleniumhq\selenium\selenium-edge-driver\3.14.0\selenium-edge-driver-3.14.0.jar;C:\Users\Proger\.m2\repository\org\seleniumhq\selenium\selenium-firefox-driver\3.14.0\selenium-firefox-driver-3.14.0.jar;C:\Users\Proger\.m2\repository\org\seleniumhq\selenium\selenium-ie-driver\3.14.0\selenium-ie-driver-3.14.0.jar;C:\Users\Proger\.m2\repository\org\seleniumhq\selenium\selenium-opera-driver\3.14.0\selenium-opera-driver-3.14.0.jar;C:\Users\Proger\.m2\repository\org\seleniumhq\selenium\selenium-remote-driver\3.14.0\selenium-remote-driver-3.14.0.jar;C:\Users\Proger\.m2\repository\org\seleniumhq\selenium\selenium-safari-driver\3.14.0\selenium-safari-driver-3.14.0.jar;C:\Users\Proger\.m2\repository\org\seleniumhq\selenium\selenium-support\3.14.0\selenium-support-3.14.0.jar;C:\Users\Proger\.m2\repository\net\bytebuddy\byte-buddy\1.8.15\byte-buddy-1.8.15.jar;C:\Users\Proger\.m2\repository\org\apache\commons\commons-exec\1.3\commons-exec-1.3.jar;C:\Users\Proger\.m2\repository\commons-codec\commons-codec\1.10\commons-codec-1.10.jar;C:\Users\Proger\.m2\repository\commons-logging\commons-logging\1.2\commons-logging-1.2.jar;C:\Users\Proger\.m2\repository\com\google\guava\guava\25.0-jre\guava-25.0-jre.jar;C:\Users\Proger\.m2\repository\com\google\code\findbugs\jsr305\1.3.9\jsr305-1.3.9.jar;C:\Users\Proger\.m2\repository\org\checkerframework\checker-compat-qual\2.0.0\checker-compat-qual-2.0.0.jar;C:\Users\Proger\.m2\repository\com\google\errorprone\error_prone_annotations\2.1.3\error_prone_annotations-2.1.3.jar;C:\Users\Proger\.m2\repository\com\google\j2objc\j2objc-annotations\1.1\j2objc-annotations-1.1.jar;C:\Users\Proger\.m2\repository\org\codehaus\mojo\animal-sniffer-annotations\1.14\animal-sniffer-annotations-1.14.jar;C:\Users\Proger\.m2\repository\org\apache\httpcomponents\httpclient\4.5.5\httpclient-4.5.5.jar;C:\Users\Proger\.m2\repository\org\apache\httpcomponents\httpcore\4.4.9\httpcore-4.4.9.jar;C:\Users\Proger\.m2\repository\com\squareup\okhttp3\okhttp\3.10.0\okhttp-3.10.0.jar;C:\Users\Proger\.m2\repository\com\squareup\okio\okio\1.14.1\okio-1.14.1.jar;C:\Users\Proger\.m2\repository\org\apache\directory\studio\org.apache.commons.io\2.4\org.apache.commons.io-2.4.jar;C:\Users\Proger\.m2\repository\commons-io\commons-io\2.4\commons-io-2.4.jar;C:\Users\Proger\.m2\repository\org\testng\testng\7.0.0\testng-7.0.0.jar;C:\Users\Proger\.m2\repository\com\beust\jcommander\1.72\jcommander-1.72.jar;C:\Users\Proger\.m2\repository\io\qameta\allure\allure-testng\2.13.1\allure-testng-2.13.1.jar;C:\Users\Proger\.m2\repository\io\qameta\allure\allure-java-commons\2.13.1\allure-java-commons-2.13.1.jar;C:\Users\Proger\.m2\repository\io\qameta\allure\allure-model\2.13.1\allure-model-2.13.1.jar;C:\Users\Proger\.m2\repository\com\fasterxml\jackson\core\jackson-databind\2.9.8\jackson-databind-2.9.8.jar;C:\Users\Proger\.m2\repository\com\fasterxml\jackson\core\jackson-annotations\2.9.0\jackson-annotations-2.9.0.jar;C:\Users\Proger\.m2\repository\com\fasterxml\jackson\core\jackson-core\2.9.8\jackson-core-2.9.8.jar;C:\Users\Proger\.m2\repository\org\apache\tika\tika-core\1.20\tika-core-1.20.jar;C:\Users\Proger\.m2\repository\org\jooq\joor-java-8\0.9.10\joor-java-8-0.9.10.jar;C:\Users\Proger\.m2\repository\org\slf4j\slf4j-simple\1.7.30\slf4j-simple-1.7.30.jar;C:\Users\Proger\.m2\repository\org\slf4j\slf4j-api\1.7.30\slf4j-api-1.7.30.jar;"/>
    <property name="java.vm.vendor" value="Oracle Corporation"/>
    <property name="sun.arch.data.model" value="64"/>
    <property name="user.variant" value=""/>
    <property name="java.vendor.url" value="https://java.oracle.com/"/>
    <property name="user.timezone" value="GMT+03:00"/>
    <property name="os.name" value="Windows 10"/>
    <property name="java.vm.specification.version" value="12"/>
    <property name="webdriver.chrome.silentOutput" value="true"/>
    <property name="sun.java.launcher" value="SUN_STANDARD"/>
    <property name="user.country" value="RU"/>
    <property name="sun.boot.library.path" value="C:\Program Files\Java\jdk-12\bin"/>
    <property name="sun.java.command" value="C:\Users\Proger\AppData\Local\Temp\surefire10379512441587778597\surefirebooter5604746162033677277.jar C:\Users\Proger\AppData\Local\Temp\surefire10379512441587778597 2020-01-19T17-10-02_233-jvmRun1 surefire10851230949153936656tmp surefire_013117465413462254594tmp"/>
    <property name="jdk.debug" value="release"/>
    <property name="surefire.test.class.path" value="C:\dgtest\target\test-classes;C:\dgtest\target\classes;C:\Users\Proger\.m2\repository\org\seleniumhq\selenium\selenium-java\3.14.0\selenium-java-3.14.0.jar;C:\Users\Proger\.m2\repository\org\seleniumhq\selenium\selenium-api\3.14.0\selenium-api-3.14.0.jar;C:\Users\Proger\.m2\repository\org\seleniumhq\selenium\selenium-chrome-driver\3.14.0\selenium-chrome-driver-3.14.0.jar;C:\Users\Proger\.m2\repository\org\seleniumhq\selenium\selenium-edge-driver\3.14.0\selenium-edge-driver-3.14.0.jar;C:\Users\Proger\.m2\repository\org\seleniumhq\selenium\selenium-firefox-driver\3.14.0\selenium-firefox-driver-3.14.0.jar;C:\Users\Proger\.m2\repository\org\seleniumhq\selenium\selenium-ie-driver\3.14.0\selenium-ie-driver-3.14.0.jar;C:\Users\Proger\.m2\repository\org\seleniumhq\selenium\selenium-opera-driver\3.14.0\selenium-opera-driver-3.14.0.jar;C:\Users\Proger\.m2\repository\org\seleniumhq\selenium\selenium-remote-driver\3.14.0\selenium-remote-driver-3.14.0.jar;C:\Users\Proger\.m2\repository\org\seleniumhq\selenium\selenium-safari-driver\3.14.0\selenium-safari-driver-3.14.0.jar;C:\Users\Proger\.m2\repository\org\seleniumhq\selenium\selenium-support\3.14.0\selenium-support-3.14.0.jar;C:\Users\Proger\.m2\repository\net\bytebuddy\byte-buddy\1.8.15\byte-buddy-1.8.15.jar;C:\Users\Proger\.m2\repository\org\apache\commons\commons-exec\1.3\commons-exec-1.3.jar;C:\Users\Proger\.m2\repository\commons-codec\commons-codec\1.10\commons-codec-1.10.jar;C:\Users\Proger\.m2\repository\commons-logging\commons-logging\1.2\commons-logging-1.2.jar;C:\Users\Proger\.m2\repository\com\google\guava\guava\25.0-jre\guava-25.0-jre.jar;C:\Users\Proger\.m2\repository\com\google\code\findbugs\jsr305\1.3.9\jsr305-1.3.9.jar;C:\Users\Proger\.m2\repository\org\checkerframework\checker-compat-qual\2.0.0\checker-compat-qual-2.0.0.jar;C:\Users\Proger\.m2\repository\com\google\errorprone\error_prone_annotations\2.1.3\error_prone_annotations-2.1.3.jar;C:\Users\Proger\.m2\repository\com\google\j2objc\j2objc-annotations\1.1\j2objc-annotations-1.1.jar;C:\Users\Proger\.m2\repository\org\codehaus\mojo\animal-sniffer-annotations\1.14\animal-sniffer-annotations-1.14.jar;C:\Users\Proger\.m2\repository\org\apache\httpcomponents\httpclient\4.5.5\httpclient-4.5.5.jar;C:\Users\Proger\.m2\repository\org\apache\httpcomponents\httpcore\4.4.9\httpcore-4.4.9.jar;C:\Users\Proger\.m2\repository\com\squareup\okhttp3\okhttp\3.10.0\okhttp-3.10.0.jar;C:\Users\Proger\.m2\repository\com\squareup\okio\okio\1.14.1\okio-1.14.1.jar;C:\Users\Proger\.m2\repository\org\apache\directory\studio\org.apache.commons.io\2.4\org.apache.commons.io-2.4.jar;C:\Users\Proger\.m2\repository\commons-io\commons-io\2.4\commons-io-2.4.jar;C:\Users\Proger\.m2\repository\org\testng\testng\7.0.0\testng-7.0.0.jar;C:\Users\Proger\.m2\repository\com\beust\jcommander\1.72\jcommander-1.72.jar;C:\Users\Proger\.m2\repository\io\qameta\allure\allure-testng\2.13.1\allure-testng-2.13.1.jar;C:\Users\Proger\.m2\repository\io\qameta\allure\allure-java-commons\2.13.1\allure-java-commons-2.13.1.jar;C:\Users\Proger\.m2\repository\io\qameta\allure\allure-model\2.13.1\allure-model-2.13.1.jar;C:\Users\Proger\.m2\repository\com\fasterxml\jackson\core\jackson-databind\2.9.8\jackson-databind-2.9.8.jar;C:\Users\Proger\.m2\repository\com\fasterxml\jackson\core\jackson-annotations\2.9.0\jackson-annotations-2.9.0.jar;C:\Users\Proger\.m2\repository\com\fasterxml\jackson\core\jackson-core\2.9.8\jackson-core-2.9.8.jar;C:\Users\Proger\.m2\repository\org\apache\tika\tika-core\1.20\tika-core-1.20.jar;C:\Users\Proger\.m2\repository\org\jooq\joor-java-8\0.9.10\joor-java-8-0.9.10.jar;C:\Users\Proger\.m2\repository\org\slf4j\slf4j-simple\1.7.30\slf4j-simple-1.7.30.jar;C:\Users\Proger\.m2\repository\org\slf4j\slf4j-api\1.7.30\slf4j-api-1.7.30.jar;"/>
    <property name="sun.cpu.endian" value="little"/>
    <property name="allure.results.directory" value="C:/dgtest/src/test/reports/allure-results"/>
    <property name="user.home" value="C:\Users\Proger"/>
    <property name="user.language" value="ru"/>
    <property name="java.specification.vendor" value="Oracle Corporation"/>
    <property name="java.version.date" value="2019-03-19"/>
    <property name="java.home" value="C:\Program Files\Java\jdk-12"/>
    <property name="file.separator" value="\"/>
    <property name="basedir" value="C:\dgtest"/>
    <property name="java.vm.compressedOopsMode" value="32-bit"/>
    <property name="line.separator" value="&#10;"/>
    <property name="java.vm.specification.vendor" value="Oracle Corporation"/>
    <property name="java.specification.name" value="Java Platform API Specification"/>
    <property name="java.awt.graphicsenv" value="sun.awt.Win32GraphicsEnvironment"/>
    <property name="surefire.real.class.path" value="C:\Users\Proger\AppData\Local\Temp\surefire10379512441587778597\surefirebooter5604746162033677277.jar"/>
    <property name="webdriver.chrome.verboseLogging" value="false"/>
    <property name="user.script" value=""/>
    <property name="sun.management.compiler" value="HotSpot 64-Bit Tiered Compilers"/>
    <property name="java.runtime.version" value="12+33"/>
    <property name="user.name" value="Proger"/>
    <property name="path.separator" value=";"/>
    <property name="os.version" value="10.0"/>
    <property name="java.runtime.name" value="Java(TM) SE Runtime Environment"/>
    <property name="file.encoding" value="Cp1251"/>
    <property name="java.vm.name" value="Java HotSpot(TM) 64-Bit Server VM"/>
    <property name="webdriver.chrome.args" value="--disable-logging"/>
    <property name="localRepository" value="C:\Users\Proger\.m2\repository"/>
    <property name="java.vendor.url.bug" value="https://bugreport.java.com/bugreport/"/>
    <property name="java.io.tmpdir" value="C:\Users\Proger\AppData\Local\Temp\"/>
    <property name="java.version" value="12"/>
    <property name="user.dir" value="C:\dgtest"/>
    <property name="os.arch" value="amd64"/>
    <property name="java.vm.specification.name" value="Java Virtual Machine Specification"/>
    <property name="sun.os.patch.level" value=""/>
    <property name="java.library.path" value="C:\Program Files\Java\jdk-12\bin;C:\WINDOWS\Sun\Java\bin;C:\WINDOWS\system32;C:\WINDOWS;C:\bin;C:\bin\usr\local\wbin;C:\Program Files\Java\jdk-12\bin;C:\Program Files\TortoiseSVN\bin;C:\Windows\System32;C:\WINDOWS\system32;C:\WINDOWS;C:\WINDOWS\System32\Wbem;C:\WINDOWS\System32\WindowsPowerShell\v1.0\;C:\WINDOWS\System32\OpenSSH\;C:\Program Files\Git\cmd;%USERPROFILE%\AppData\Local\Microsoft\WindowsApps;."/>
    <property name="java.vm.info" value="mixed mode, sharing"/>
    <property name="java.vendor" value="Oracle Corporation"/>
    <property name="java.vm.version" value="12+33"/>
    <property name="sun.io.unicode.encoding" value="UnicodeLittle"/>
    <property name="java.class.version" value="56.0"/>
  </properties>
  <testcase name="testAddDbEmptyPath" classname="TestPage.TestDashboard.TestDatabase" time="0.393"/>
  <testcase name="testAddDbEmptyName" classname="TestPage.TestDashboard.TestDatabase" time="0.369"/>
  <testcase name="testAddDbIncorrectPath" classname="TestPage.TestDashboard.TestDatabase" time="0.283"/>
  <testcase name="testAddDbIncorrectAlias" classname="TestPage.TestDashboard.TestDatabase" time="0.517"/>
  <testcase name="testAddDbCorrect" classname="TestPage.TestDashboard.TestDatabase" time="5.836"/>
  <testcase name="testAddDbAlreadyExist" classname="TestPage.TestDashboard.TestDatabase" time="2.48"/>
  <testcase name="testCreateVerifiedBackupScheduleIncorrect" classname="TestPage.TestDashboard.Backup.TestVerifiedBackup" time="0.259"/>
  <testcase name="testCreateVerifiedBackupMaxNumbNegative" classname="TestPage.TestDashboard.Backup.TestVerifiedBackup" time="0.418"/>
  <testcase name="testCreateVerifiedBackupMaxNumbNotNumbers" classname="TestPage.TestDashboard.Backup.TestVerifiedBackup" time="0.46"/>
  <testcase name="testCreateVerifiedBackupCorrect" classname="TestPage.TestDashboard.Backup.TestVerifiedBackup" time="13.691"/>
  <testcase name="testCreateIncrementalBackupMaxDurationEmpty" classname="TestPage.TestDashboard.Backup.TestIncrementalBackup" time="3.335"/>
  <testcase name="testCreateIncrementalBackupMinFreeSpaceEmpty" classname="TestPage.TestDashboard.Backup.TestIncrementalBackup" time="2.884"/>
  <testcase name="testCreateIncrementalBackupPathFolderEmpty" classname="TestPage.TestDashboard.Backup.TestIncrementalBackup" time="2.799"/>
  <testcase name="testCreateIncrementalBackupJournalFolderEmpty" classname="TestPage.TestDashboard.Backup.TestIncrementalBackup" time="2.824"/>
  <testcase name="testCreateIncrementalBackupPerformBackupEmpty" classname="TestPage.TestDashboard.Backup.TestIncrementalBackup" time="2.789"/>
  <testcase name="testCreateIncrementalBackupCorrect" classname="TestPage.TestDashboard.Backup.TestIncrementalBackup" time="14.786"/>
  <testcase name="testCreateDumpBackupScheduleIncorrect" classname="TestPage.TestDashboard.Backup.TestDumpBackup" time="0.657"/>
  <testcase name="testCreateDumpBackupMinFreeSpaceEmpty" classname="TestPage.TestDashboard.Backup.TestDumpBackup" time="0.592"/>
  <testcase name="testCreateDumpBackupPathFolderEmpty" classname="TestPage.TestDashboard.Backup.TestDumpBackup" time="0.56"/>
  <testcase name="testCreateDumpBackupMaxNumbFilesEmpty" classname="TestPage.TestDashboard.Backup.TestDumpBackup" time="0.601"/>
  <testcase name="testCreateDumpBackupCorrect" classname="TestPage.TestDashboard.Backup.TestDumpBackup" time="12.743"/>
  <testcase name="testCreateRestoreDbScheduleIncorrect" classname="TestPage.TestDashboard.Backup.TestRestoreDb" time="1.807"/>
  <testcase name="testCreateRestoreDbBackupFolderEmptyField" classname="TestPage.TestDashboard.Backup.TestRestoreDb" time="1.249"/>
  <testcase name="testCreateRestoreDbPathTemplateBackupFolderEmptyField" classname="TestPage.TestDashboard.Backup.TestRestoreDb" time="1.196"/>
  <testcase name="testCreateRestoreTimeTakeBackupEmptyField" classname="TestPage.TestDashboard.Backup.TestRestoreDb" time="1.694"/>
  <testcase name="testCreateRestoreDbPathRestoreFolderEmptyField" classname="TestPage.TestDashboard.Backup.TestRestoreDb" time="1.156"/>
  <testcase name="testCreateRestoreDbRestoreFileNameEmptyField" classname="TestPage.TestDashboard.Backup.TestRestoreDb" time="1.687"/>
  <testcase name="testCreateRestoreDbSuffixFileNameEmptyField" classname="TestPage.TestDashboard.Backup.TestRestoreDb" time="1.173"/>
  <testcase name="testCreateRestoreDbLimitProcessTimeEmptyField" classname="TestPage.TestDashboard.Backup.TestRestoreDb" time="1.7"/>
  <testcase name="testCreateRestoreDbMinFreeSpaceEmptyField" classname="TestPage.TestDashboard.Backup.TestRestoreDb" time="1.231"/>
  <testcase name="testCreateRestoreDbCorrect" classname="TestPage.TestDashboard.Backup.TestRestoreDb" time="13.348">
    <failure message="Status verified backup not OK expected [OK] but found [MINOR]" type="java.lang.AssertionError"><![CDATA[java.lang.AssertionError: Status verified backup not OK expected [OK] but found [MINOR]
	at TestPage.TestDashboard.Backup.TestRestoreDb.testCreateRestoreDbCorrect(TestRestoreDb.java:204)
]]></failure>
  </testcase>
  <testcase name="testCheckScheduleIncorrect" classname="TestPage.TestDashboard.Backup.TestSqlPing" time="1.735"/>
  <testcase name="testCheckSqlQueryEmptyField" classname="TestPage.TestDashboard.Backup.TestSqlPing" time="1.313"/>
  <testcase name="testCreateSqlPingCorrect" classname="TestPage.TestDashboard.Backup.TestSqlPing" time="13.851"/>
  <testcase name="testCheckPeriodEmptyField" classname="TestPage.TestDashboard.Replica.TestReplica" time="0.254"/>
  <testcase name="testCheckMonitorFolderEmptyField" classname="TestPage.TestDashboard.Replica.TestReplica" time="0.786"/>
  <testcase name="testCheckFilenameTemplateEmptyField" classname="TestPage.TestDashboard.Replica.TestReplica" time="0.698"/>
  <testcase name="testCheckFiledConnectionFtpEmptyField" classname="TestPage.TestDashboard.Replica.TestReplica" time="0.897"/>
  <testcase name="testCheckKeepNSourceFilesFieldEmptyField" classname="TestPage.TestDashboard.Replica.TestReplica" time="0.801"/>
  <testcase name="testCheckFtpServerEmptyField" classname="TestPage.TestDashboard.Replica.TestReplica" time="3.692"/>
  <testcase name="testCheckFtpPortEmptyField" classname="TestPage.TestDashboard.Replica.TestReplica" time="1.378"/>
  <testcase name="testAddFtpCorrect" classname="TestPage.TestDashboard.Replica.TestReplica" time="0.396"/>
  <testcase name="testAddCloudBackupCorrect" classname="TestPage.TestDashboard.Replica.TestReplica" time="2.019"/>
  <testcase name="testCheckPeriodEmptyField" classname="TestPage.TestDashboard.Backup.TestCloudBackup" time="0.276"/>
  <testcase name="testCheckMonitorFolderEmptyField" classname="TestPage.TestDashboard.Backup.TestCloudBackup" time="0.759"/>
  <testcase name="testCheckFilenameTemplateEmptyField" classname="TestPage.TestDashboard.Backup.TestCloudBackup" time="0.696"/>
  <testcase name="testCheckFiledConnectionFtpEmptyField" classname="TestPage.TestDashboard.Backup.TestCloudBackup" time="0.731"/>
  <testcase name="testCheckKeepNSourceFilesFieldEmptyField" classname="TestPage.TestDashboard.Backup.TestCloudBackup" time="0.721"/>
  <testcase name="testCheckFtpServerEmptyField" classname="TestPage.TestDashboard.Backup.TestCloudBackup" time="3.67"/>
  <testcase name="testCheckFtpPortEmptyField" classname="TestPage.TestDashboard.Backup.TestCloudBackup" time="1.364"/>
  <testcase name="testAddFtpCorrect" classname="TestPage.TestDashboard.Backup.TestCloudBackup" time="0.641"/>
  <testcase name="testAddCloudBackupCorrect" classname="TestPage.TestDashboard.Backup.TestCloudBackup" time="14.341"/>
  <testcase name="testCheckPeriodEmptyField" classname="TestPage.TestDashboard.Backup.TestCloudBackupReceiver" time="2.58"/>
  <testcase name="testCheckWatchIncomingFilesEmptyField" classname="TestPage.TestDashboard.Backup.TestCloudBackupReceiver" time="0.96"/>
  <testcase name="testCheckFilenameTemplateEmptyField" classname="TestPage.TestDashboard.Backup.TestCloudBackupReceiver" time="0.839"/>
  <testcase name="testCheckExtensionPackedFilesEmptyField" classname="TestPage.TestDashboard.Backup.TestCloudBackupReceiver" time="0.852"/>
  <testcase name="testCheckDecryptPasswordEmptyField" classname="TestPage.TestDashboard.Backup.TestCloudBackupReceiver" time="0.837"/>
  <testcase name="testCheckAlertFileCountIncorrectValue" classname="TestPage.TestDashboard.Backup.TestCloudBackupReceiver" time="0.868"/>
  <testcase name="testCheckAlertFileAgeEmptyField" classname="TestPage.TestDashboard.Backup.TestCloudBackupReceiver" time="1.395"/>
  <testcase name="testAddCloudBackupReceiverCorrect" classname="TestPage.TestDashboard.Backup.TestCloudBackupReceiver" time="12.831">
    <failure message="Status cloud backup receiver not OK expected [OK] but found [UNKNOWN]" type="java.lang.AssertionError"><![CDATA[java.lang.AssertionError: Status cloud backup receiver not OK expected [OK] but found [UNKNOWN]
	at TestPage.TestDashboard.Backup.TestCloudBackupReceiver.testAddCloudBackupReceiverCorrect(TestCloudBackupReceiver.java:175)
]]></failure>
  </testcase>
  <testcase name="testCheckScheduleIncorrectField" classname="TestPage.TestDashboard.Backup.TestValidateDb" time="1.267"/>
  <testcase name="testCheckShutdownTimeoutEmptyField" classname="TestPage.TestDashboard.Backup.TestValidateDb" time="0.39"/>
  <testcase name="testCreateValidateBDCorrect" classname="TestPage.TestDashboard.Backup.TestValidateDb" time="13.421"/>
</testsuite>