<?xml version="1.0" encoding="UTF-8"?>
<!-- Generated by org.testng.reporters.JUnitReportReporter -->
<testsuite hostname="MSI" failures="0" tests="2" name="TestPage.TestPerformance.TestPerformanceMonitoring" time="3.621" errors="0" timestamp="2020-03-03T23:16:49 GMT+03:00" skipped="0">
  <testcase classname="TestPage.TestPerformance.TestPerformanceMonitoring" name="testCheckPeriodEmptyField" time="2.901"/>
  <testcase classname="TestPage.TestPerformance.TestPerformanceMonitoring" name="testCheckFieldOutputFolderEmptyValue" time="0.720"/>
</testsuite> <!-- TestPage.TestPerformance.TestPerformanceMonitoring -->
