<?xml version="1.0" encoding="UTF-8"?>
<!-- Generated by org.testng.reporters.JUnitReportReporter -->
<testsuite hostname="MSI" failures="0" tests="4" name="TestPage.TestDashboard.Backup.TestVerifiedBackup" time="38.585" errors="0" timestamp="2020-04-02T15:43:14 GMT+03:00" skipped="0">
  <testcase classname="TestPage.TestDashboard.Backup.TestVerifiedBackup" name="testCreateVerifiedBackupScheduleIncorrect" time="1.790"/>
  <testcase classname="TestPage.TestDashboard.Backup.TestVerifiedBackup" name="testCreateVerifiedBackupMaxNumbNegative" time="0.649"/>
  <testcase classname="TestPage.TestDashboard.Backup.TestVerifiedBackup" name="testCreateVerifiedBackupMaxNumbNotNumbers" time="0.674"/>
  <testcase classname="TestPage.TestDashboard.Backup.TestVerifiedBackup" name="testCreateVerifiedBackupCorrect" time="35.472"/>
</testsuite> <!-- TestPage.TestDashboard.Backup.TestVerifiedBackup -->
