<?xml version="1.0" encoding="UTF-8"?>
<!-- Generated by org.testng.reporters.JUnitReportReporter -->
<testsuite hostname="MSI" failures="0" tests="9" name="TestPage.TestDashboard.Backup.TestCloudBackup" time="23.238" errors="0" timestamp="2020-01-19T17:14:58 GMT+03:00" skipped="0">
  <testcase classname="TestPage.TestDashboard.Backup.TestCloudBackup" name="testCheckPeriodEmptyField" time="0.280"/>
  <testcase classname="TestPage.TestDashboard.Backup.TestCloudBackup" name="testCheckMonitorFolderEmptyField" time="0.761"/>
  <testcase classname="TestPage.TestDashboard.Backup.TestCloudBackup" name="testCheckFilenameTemplateEmptyField" time="0.699"/>
  <testcase classname="TestPage.TestDashboard.Backup.TestCloudBackup" name="testCheckFiledConnectionFtpEmptyField" time="0.735"/>
  <testcase classname="TestPage.TestDashboard.Backup.TestCloudBackup" name="testCheckKeepNSourceFilesFieldEmptyField" time="0.727"/>
  <testcase classname="TestPage.TestDashboard.Backup.TestCloudBackup" name="testCheckFtpServerEmptyField" time="3.674"/>
  <testcase classname="TestPage.TestDashboard.Backup.TestCloudBackup" name="testCheckFtpPortEmptyField" time="1.367"/>
  <testcase classname="TestPage.TestDashboard.Backup.TestCloudBackup" name="testAddFtpCorrect" time="0.650"/>
  <testcase classname="TestPage.TestDashboard.Backup.TestCloudBackup" name="testAddCloudBackupCorrect" time="14.345"/>
</testsuite> <!-- TestPage.TestDashboard.Backup.TestCloudBackup -->
