<?xml version="1.0" encoding="UTF-8"?>
<!-- Generated by org.testng.reporters.JUnitReportReporter -->
<testsuite hostname="MSI" failures="0" tests="3" name="TestPage.TestDashboard.TestDiskSpace" time="2.703" errors="0" timestamp="2020-04-02T15:43:14 GMT+03:00" skipped="0">
  <testcase classname="TestPage.TestDashboard.TestDiskSpace" name="testCheckPeriodEmptyField" time="1.435"/>
  <testcase classname="TestPage.TestDashboard.TestDiskSpace" name="testCheckFiledMaxDeltaMinutesEmptyValue" time="0.606"/>
  <testcase classname="TestPage.TestDashboard.TestDiskSpace" name="testCheckFiledMaxDeltaBytesEmptyValue" time="0.662"/>
</testsuite> <!-- TestPage.TestDashboard.TestDiskSpace -->
