<?xml version="1.0" encoding="UTF-8"?>
<!-- Generated by org.testng.reporters.JUnitReportReporter -->
<testsuite hostname="MSI" failures="0" tests="4" name="TestPage.TestDashboard.TestDbStatus" time="3.155" errors="0" timestamp="2020-03-03T23:16:48 GMT+03:00" skipped="0">
  <testcase classname="TestPage.TestDashboard.TestDbStatus" name="testCheckPeriodEmptyField" time="1.325"/>
  <testcase classname="TestPage.TestDashboard.TestDbStatus" name="testCheckStoreStatisticEmptyField" time="0.639"/>
  <testcase classname="TestPage.TestDashboard.TestDbStatus" name="testCheckStatisticsArchiveDepthEmptyValue" time="0.604"/>
  <testcase classname="TestPage.TestDashboard.TestDbStatus" name="testCheckStatisticsFileNamePatternEmptyField" time="0.587"/>
</testsuite> <!-- TestPage.TestDashboard.TestDbStatus -->
