<?xml version="1.0" encoding="UTF-8"?>
<!-- Generated by org.testng.reporters.JUnitReportReporter -->
<testsuite hostname="MSI" failures="0" tests="10" name="TestPage.TestDashboard.Backup.TestRestoreDb" time="52.771" errors="0" timestamp="2020-04-02T15:43:14 GMT+03:00" skipped="0">
  <testcase classname="TestPage.TestDashboard.Backup.TestRestoreDb" name="testCreateRestoreDbScheduleIncorrect" time="2.082"/>
  <testcase classname="TestPage.TestDashboard.Backup.TestRestoreDb" name="testCreateRestoreDbBackupFolderEmptyField" time="1.904"/>
  <testcase classname="TestPage.TestDashboard.Backup.TestRestoreDb" name="testCreateRestoreDbPathTemplateBackupFolderEmptyField" time="1.911"/>
  <testcase classname="TestPage.TestDashboard.Backup.TestRestoreDb" name="testCreateRestoreTimeTakeBackupEmptyField" time="1.928"/>
  <testcase classname="TestPage.TestDashboard.Backup.TestRestoreDb" name="testCreateRestoreDbPathRestoreFolderEmptyField" time="1.889"/>
  <testcase classname="TestPage.TestDashboard.Backup.TestRestoreDb" name="testCreateRestoreDbRestoreFileNameEmptyField" time="1.918"/>
  <testcase classname="TestPage.TestDashboard.Backup.TestRestoreDb" name="testCreateRestoreDbSuffixFileNameEmptyField" time="1.944"/>
  <testcase classname="TestPage.TestDashboard.Backup.TestRestoreDb" name="testCreateRestoreDbLimitProcessTimeEmptyField" time="1.947"/>
  <testcase classname="TestPage.TestDashboard.Backup.TestRestoreDb" name="testCreateRestoreDbMinFreeSpaceEmptyField" time="1.915"/>
  <testcase classname="TestPage.TestDashboard.Backup.TestRestoreDb" name="testCreateRestoreDbCorrect" time="35.333"/>
</testsuite> <!-- TestPage.TestDashboard.Backup.TestRestoreDb -->
