<?xml version="1.0" encoding="UTF-8"?>
<!-- Generated by org.testng.reporters.JUnitReportReporter -->
<testsuite hostname="MSI" failures="0" tests="6" name="TestPage.TestDashboard.TestDatabase" time="9.899" errors="0" timestamp="2020-01-19T17:14:58 GMT+03:00" skipped="0">
  <testcase classname="TestPage.TestDashboard.TestDatabase" name="testAddDbEmptyPath" time="0.396"/>
  <testcase classname="TestPage.TestDashboard.TestDatabase" name="testAddDbEmptyName" time="0.373"/>
  <testcase classname="TestPage.TestDashboard.TestDatabase" name="testAddDbIncorrectPath" time="0.286"/>
  <testcase classname="TestPage.TestDashboard.TestDatabase" name="testAddDbIncorrectAlias" time="0.521"/>
  <testcase classname="TestPage.TestDashboard.TestDatabase" name="testAddDbCorrect" time="5.838"/>
  <testcase classname="TestPage.TestDashboard.TestDatabase" name="testAddDbAlreadyExist" time="2.485"/>
</testsuite> <!-- TestPage.TestDashboard.TestDatabase -->
