<?xml version="1.0" encoding="UTF-8"?>
<!-- Generated by org.testng.reporters.JUnitReportReporter -->
<testsuite hostname="MSI" failures="0" tests="6" name="TestPage.TestDashboard.Backup.TestIncrementalBackup" time="49.551" errors="0" timestamp="2020-03-03T23:16:48 GMT+03:00" skipped="0">
  <testcase classname="TestPage.TestDashboard.Backup.TestIncrementalBackup" name="testCreateIncrementalBackupMaxDurationEmpty" time="3.204"/>
  <testcase classname="TestPage.TestDashboard.Backup.TestIncrementalBackup" name="testCreateIncrementalBackupMinFreeSpaceEmpty" time="3.024"/>
  <testcase classname="TestPage.TestDashboard.Backup.TestIncrementalBackup" name="testCreateIncrementalBackupPathFolderEmpty" time="3.005"/>
  <testcase classname="TestPage.TestDashboard.Backup.TestIncrementalBackup" name="testCreateIncrementalBackupJournalFolderEmpty" time="2.988"/>
  <testcase classname="TestPage.TestDashboard.Backup.TestIncrementalBackup" name="testCreateIncrementalBackupPerformBackupEmpty" time="2.508"/>
  <testcase classname="TestPage.TestDashboard.Backup.TestIncrementalBackup" name="testCreateIncrementalBackupCorrect" time="34.822"/>
</testsuite> <!-- TestPage.TestDashboard.Backup.TestIncrementalBackup -->
