<?xml version="1.0" encoding="UTF-8"?>
<!-- Generated by org.testng.reporters.JUnitReportReporter -->
<testsuite hostname="MSI" failures="0" tests="3" name="TestPage.TestDashboard.Backup.TestValidateDb" time="15.090" errors="0" timestamp="2020-01-19T17:14:58 GMT+03:00" skipped="0">
  <testcase classname="TestPage.TestDashboard.Backup.TestValidateDb" name="testCheckScheduleIncorrectField" time="1.270"/>
  <testcase classname="TestPage.TestDashboard.Backup.TestValidateDb" name="testCheckShutdownTimeoutEmptyField" time="0.394"/>
  <testcase classname="TestPage.TestDashboard.Backup.TestValidateDb" name="testCreateValidateBDCorrect" time="13.426"/>
</testsuite> <!-- TestPage.TestDashboard.Backup.TestValidateDb -->
