<?xml version="1.0" encoding="UTF-8"?>
<!-- Generated by org.testng.reporters.JUnitReportReporter -->
<testsuite hostname="MSI" failures="0" tests="3" name="TestPage.TestDashboard.Backup.TestSqlPing" time="37.062" errors="0" timestamp="2020-03-03T23:16:48 GMT+03:00" skipped="0">
  <testcase classname="TestPage.TestDashboard.Backup.TestSqlPing" name="testCheckScheduleIncorrect" time="1.368"/>
  <testcase classname="TestPage.TestDashboard.Backup.TestSqlPing" name="testCheckSqlQueryEmptyField" time="1.427"/>
  <testcase classname="TestPage.TestDashboard.Backup.TestSqlPing" name="testCreateSqlPingCorrect" time="34.267"/>
</testsuite> <!-- TestPage.TestDashboard.Backup.TestSqlPing -->
