<?xml version="1.0" encoding="UTF-8"?>
<!-- Generated by org.testng.reporters.JUnitReportReporter -->
<testsuite hostname="MSI" failures="0" tests="6" name="TestPage.TestDashboard.TestDatabase" time="9.749" errors="0" timestamp="2020-02-05T23:55:26 GMT+03:00" skipped="0">
  <testcase classname="TestPage.TestDashboard.TestDatabase" name="testAddDbEmptyPath" time="0.418"/>
  <testcase classname="TestPage.TestDashboard.TestDatabase" name="testAddDbEmptyName" time="0.349"/>
  <testcase classname="TestPage.TestDashboard.TestDatabase" name="testAddDbIncorrectPath" time="0.303"/>
  <testcase classname="TestPage.TestDashboard.TestDatabase" name="testAddDbIncorrectAlias" time="1.099"/>
  <testcase classname="TestPage.TestDashboard.TestDatabase" name="testAddDbCorrect" time="4.825"/>
  <testcase classname="TestPage.TestDashboard.TestDatabase" name="testAddDbAlreadyExist" time="2.755"/>
</testsuite> <!-- TestPage.TestDashboard.TestDatabase -->
