<?xml version="1.0" encoding="UTF-8"?>
<!-- Generated by org.testng.reporters.JUnitReportReporter -->
<testsuite hostname="MSI" failures="0" tests="6" name="TestPage.TestDashboard.Backup.TestIncrementalBackup" time="49.778" errors="0" timestamp="2020-02-05T23:55:25 GMT+03:00" skipped="0">
  <testcase classname="TestPage.TestDashboard.Backup.TestIncrementalBackup" name="testCreateIncrementalBackupMaxDurationEmpty" time="3.239"/>
  <testcase classname="TestPage.TestDashboard.Backup.TestIncrementalBackup" name="testCreateIncrementalBackupMinFreeSpaceEmpty" time="2.381"/>
  <testcase classname="TestPage.TestDashboard.Backup.TestIncrementalBackup" name="testCreateIncrementalBackupPathFolderEmpty" time="3.384"/>
  <testcase classname="TestPage.TestDashboard.Backup.TestIncrementalBackup" name="testCreateIncrementalBackupJournalFolderEmpty" time="2.874"/>
  <testcase classname="TestPage.TestDashboard.Backup.TestIncrementalBackup" name="testCreateIncrementalBackupPerformBackupEmpty" time="2.928"/>
  <testcase classname="TestPage.TestDashboard.Backup.TestIncrementalBackup" name="testCreateIncrementalBackupCorrect" time="34.972"/>
</testsuite> <!-- TestPage.TestDashboard.Backup.TestIncrementalBackup -->
