<?xml version="1.0" encoding="UTF-8"?>
<!-- Generated by org.testng.reporters.JUnitReportReporter -->
<testsuite hostname="MSI" failures="0" tests="6" name="TestPage.TestDashboard.TestDatabase" time="11.063" errors="0" timestamp="2020-04-02T15:43:14 GMT+03:00" skipped="0">
  <testcase classname="TestPage.TestDashboard.TestDatabase" name="testAddDbEmptyPath" time="0.530"/>
  <testcase classname="TestPage.TestDashboard.TestDatabase" name="testAddDbEmptyName" time="0.511"/>
  <testcase classname="TestPage.TestDashboard.TestDatabase" name="testAddDbIncorrectPath" time="0.410"/>
  <testcase classname="TestPage.TestDashboard.TestDatabase" name="testAddDbIncorrectAlias" time="0.652"/>
  <testcase classname="TestPage.TestDashboard.TestDatabase" name="testAddDbCorrect" time="6.404"/>
  <testcase classname="TestPage.TestDashboard.TestDatabase" name="testAddDbAlreadyExist" time="2.556"/>
</testsuite> <!-- TestPage.TestDashboard.TestDatabase -->
