<?xml version="1.0" encoding="UTF-8"?>
<!-- Generated by org.testng.reporters.JUnitReportReporter -->
<testsuite hostname="MSI" failures="0" tests="7" name="TestPage.TestDashboard.Backup.TestCloudBackup" time="8.955" errors="0" timestamp="2020-02-05T23:55:25 GMT+03:00" skipped="0">
  <testcase classname="TestPage.TestDashboard.Backup.TestCloudBackup" name="testCheckPeriodEmptyField" time="0.294"/>
  <testcase classname="TestPage.TestDashboard.Backup.TestCloudBackup" name="testCheckMonitorFolderEmptyField" time="0.793"/>
  <testcase classname="TestPage.TestDashboard.Backup.TestCloudBackup" name="testCheckFilenameTemplateEmptyField" time="0.743"/>
  <testcase classname="TestPage.TestDashboard.Backup.TestCloudBackup" name="testCheckFiledConnectionFtpEmptyField" time="1.190"/>
  <testcase classname="TestPage.TestDashboard.Backup.TestCloudBackup" name="testCheckKeepNSourceFilesFieldEmptyField" time="0.735"/>
  <testcase classname="TestPage.TestDashboard.Backup.TestCloudBackup" name="testCheckFtpServerEmptyField" time="3.816"/>
  <testcase classname="TestPage.TestDashboard.Backup.TestCloudBackup" name="testCheckFtpPortEmptyField" time="1.384"/>
</testsuite> <!-- TestPage.TestDashboard.Backup.TestCloudBackup -->
