<?xml version="1.0" encoding="UTF-8"?>
<!-- Generated by org.testng.reporters.JUnitReportReporter -->
<testsuite hostname="MSI" failures="0" tests="3" name="TestPage.TestDashboard.Backup.TestSqlPing" time="16.908" errors="0" timestamp="2020-01-19T17:14:58 GMT+03:00" skipped="0">
  <testcase classname="TestPage.TestDashboard.Backup.TestSqlPing" name="testCheckScheduleIncorrect" time="1.739"/>
  <testcase classname="TestPage.TestDashboard.Backup.TestSqlPing" name="testCheckSqlQueryEmptyField" time="1.316"/>
  <testcase classname="TestPage.TestDashboard.Backup.TestSqlPing" name="testCreateSqlPingCorrect" time="13.853"/>
</testsuite> <!-- TestPage.TestDashboard.Backup.TestSqlPing -->
