<?xml version="1.0" encoding="UTF-8"?>
<!-- Generated by org.testng.reporters.JUnitReportReporter -->
<testsuite hostname="MSI" failures="0" tests="3" name="TestPage.TestDashboard.TestDiskSpace" time="2.232" errors="0" timestamp="2020-03-03T23:16:48 GMT+03:00" skipped="0">
  <testcase classname="TestPage.TestDashboard.TestDiskSpace" name="testCheckPeriodEmptyField" time="1.320"/>
  <testcase classname="TestPage.TestDashboard.TestDiskSpace" name="testCheckFiledMaxDeltaBytesEmptyValue" time="0.478"/>
  <testcase classname="TestPage.TestDashboard.TestDiskSpace" name="testCheckFiledMaxDeltaMinutesEmptyValue" time="0.434"/>
</testsuite> <!-- TestPage.TestDashboard.TestDiskSpace -->
