<?xml version="1.0" encoding="UTF-8"?>
<!-- Generated by org.testng.reporters.JUnitReportReporter -->
<testsuite hostname="MSI" failures="0" tests="7" name="TestPage.TestDashboard.Backup.TestCloudBackup" time="10.109" errors="0" timestamp="2020-04-02T15:43:14 GMT+03:00" skipped="0">
  <testcase classname="TestPage.TestDashboard.Backup.TestCloudBackup" name="testCheckPeriodEmptyField" time="0.334"/>
  <testcase classname="TestPage.TestDashboard.Backup.TestCloudBackup" name="testCheckMonitorFolderEmptyField" time="1.214"/>
  <testcase classname="TestPage.TestDashboard.Backup.TestCloudBackup" name="testCheckFilenameTemplateEmptyField" time="1.082"/>
  <testcase classname="TestPage.TestDashboard.Backup.TestCloudBackup" name="testCheckFiledConnectionFtpEmptyField" time="1.086"/>
  <testcase classname="TestPage.TestDashboard.Backup.TestCloudBackup" name="testCheckKeepNSourceFilesFieldEmptyField" time="1.117"/>
  <testcase classname="TestPage.TestDashboard.Backup.TestCloudBackup" name="testCheckFtpServerEmptyField" time="3.739"/>
  <testcase classname="TestPage.TestDashboard.Backup.TestCloudBackup" name="testCheckFtpPortEmptyField" time="1.537"/>
</testsuite> <!-- TestPage.TestDashboard.Backup.TestCloudBackup -->
