<?xml version="1.0" encoding="UTF-8"?>
<!-- Generated by org.testng.reporters.JUnitReportReporter -->
<testsuite hostname="MSI" failures="0" tests="8" name="TestPage.TestPerformance.TestTransactionMonitoring" time="6.627" errors="0" timestamp="2020-03-03T23:16:48 GMT+03:00" skipped="0">
  <testcase classname="TestPage.TestPerformance.TestTransactionMonitoring" name="testCheckPeriodEmptyField" time="2.914"/>
  <testcase classname="TestPage.TestPerformance.TestTransactionMonitoring" name="testCheckFieldOutputFolderEmptyValue" time="1.166"/>
  <testcase classname="TestPage.TestPerformance.TestTransactionMonitoring" name="testCheckFiledShowTransactionsOlderEmptyValue" time="0.647"/>
  <testcase classname="TestPage.TestPerformance.TestTransactionMonitoring" name="testCreateFiledShowTransactionsOlderNumbNegativeValue" time="0.210"/>
  <testcase classname="TestPage.TestPerformance.TestTransactionMonitoring" name="testCheckSendAlertOldestActiveTransactionEmptyValue" time="0.595"/>
  <testcase classname="TestPage.TestPerformance.TestTransactionMonitoring" name="testCreateSendAlertOldestActiveTransactionNumbNegativeValue" time="0.237"/>
  <testcase classname="TestPage.TestPerformance.TestTransactionMonitoring" name="testCheckShowOnlyNNOldestActiveTransactionsEmptyValue" time="0.600"/>
  <testcase classname="TestPage.TestPerformance.TestTransactionMonitoring" name="testCreateShowOnlyNNOldestActiveTransactionsNumbNegativeValue" time="0.258"/>
</testsuite> <!-- TestPage.TestPerformance.TestTransactionMonitoring -->
