<?xml version="1.0" encoding="UTF-8"?>
<!-- Generated by org.testng.reporters.JUnitReportReporter -->
<testsuite hostname="MSI" failures="0" tests="4" name="TestPage.TestDashboard.TestTransactions" time="2.922" errors="0" timestamp="2020-03-03T23:16:48 GMT+03:00" skipped="0">
  <testcase classname="TestPage.TestDashboard.TestTransactions" name="testCheckPeriodEmptyField" time="1.310"/>
  <testcase classname="TestPage.TestDashboard.TestTransactions" name="testCheckFiledMaxTransactionsEmptyField" time="0.538"/>
  <testcase classname="TestPage.TestDashboard.TestTransactions" name="testCheckFiledAlterOSTOITMoreEmptyField" time="0.572"/>
  <testcase classname="TestPage.TestDashboard.TestTransactions" name="testCheckFiledAlterNextOATMoreEmptyField" time="0.502"/>
</testsuite> <!-- TestPage.TestDashboard.TestTransactions -->
