<?xml version="1.0" encoding="UTF-8"?>
<!-- Generated by org.testng.reporters.JUnitReportReporter -->
<testsuite hostname="MSI" failures="0" tests="3" name="TestPage.TestDashboard.TestDelta" time="2.764" errors="0" timestamp="2020-04-02T15:43:14 GMT+03:00" skipped="0">
  <testcase classname="TestPage.TestDashboard.TestDelta" name="testCheckPeriodEmptyField" time="1.445"/>
  <testcase classname="TestPage.TestDashboard.TestDelta" name="testCheckFiledMaxDeltaBytesEmptyValue" time="0.687"/>
  <testcase classname="TestPage.TestDashboard.TestDelta" name="testCheckFiledMaxDeltaMinutesEmptyValue" time="0.632"/>
</testsuite> <!-- TestPage.TestDashboard.TestDelta -->
