<?xml version="1.0" encoding="UTF-8"?>
<!-- Generated by org.testng.reporters.JUnitReportReporter -->
<testsuite hostname="MSI" failures="0" tests="21" name="TestPage.TestDashboard.TestLockprint" time="12.639" errors="0" timestamp="2020-03-03T23:16:48 GMT+03:00" skipped="0">
  <testcase classname="TestPage.TestDashboard.TestLockprint" name="testCheckPeriodEmptyField" time="0.343"/>
  <testcase classname="TestPage.TestDashboard.TestLockprint" name="testCheckFiledDeadlockScansThresholdEmptyValue" time="1.085"/>
  <testcase classname="TestPage.TestDashboard.TestLockprint" name="testCreateFiledDeadlockScansThresholdNumbNegativeValue" time="0.245"/>
  <testcase classname="TestPage.TestDashboard.TestLockprint" name="testCheckFiledDeadlockThresholdEmptyValue" time="0.934"/>
  <testcase classname="TestPage.TestDashboard.TestLockprint" name="testCreateFiledDeadlockThresholdNumbNegativeValue" time="0.262"/>
  <testcase classname="TestPage.TestDashboard.TestLockprint" name="testCheckFiledMutexWaitThresholdEmptyValue" time="0.944"/>
  <testcase classname="TestPage.TestDashboard.TestLockprint" name="testCreateFiledMutexWaitThresholdNumbNegativeValue" time="0.299"/>
  <testcase classname="TestPage.TestDashboard.TestLockprint" name="testCheckFiledHashSlotsEmptyValue" time="0.923"/>
  <testcase classname="TestPage.TestDashboard.TestLockprint" name="testCreateFiledHashSlotsNumbNegativeValue" time="0.282"/>
  <testcase classname="TestPage.TestDashboard.TestLockprint" name="testCheckFiledMinLengthEmptyValue" time="0.894"/>
  <testcase classname="TestPage.TestDashboard.TestLockprint" name="testCreateFiledMinLengthNumbNegativeValue" time="0.262"/>
  <testcase classname="TestPage.TestDashboard.TestLockprint" name="testCheckFiledAverageLengthEmptyValue" time="0.900"/>
  <testcase classname="TestPage.TestDashboard.TestLockprint" name="testCreateFiledAverageLengthNumbNegativeValue" time="0.282"/>
  <testcase classname="TestPage.TestDashboard.TestLockprint" name="testCheckFiledOwnersLimitEmptyValue" time="0.916"/>
  <testcase classname="TestPage.TestDashboard.TestLockprint" name="testCreateFiledOwnersLimitNumbNegativeValue" time="0.259"/>
  <testcase classname="TestPage.TestDashboard.TestLockprint" name="testCheckFiledFreeOwnersLimitEmptyValue" time="0.928"/>
  <testcase classname="TestPage.TestDashboard.TestLockprint" name="testCreateFiledFreeOwnersLimitNumbNegativeValue" time="0.263"/>
  <testcase classname="TestPage.TestDashboard.TestLockprint" name="testCheckFiledLockTableSizeEmptyValue" time="0.920"/>
  <testcase classname="TestPage.TestDashboard.TestLockprint" name="testCreateFiledLockTableSizeNumbNegativeValue" time="0.248"/>
  <testcase classname="TestPage.TestDashboard.TestLockprint" name="testCheckFiledBuffersMaxEmptyValue" time="1.179"/>
  <testcase classname="TestPage.TestDashboard.TestLockprint" name="testCreateFiledBuffersMaxNumbNegativeValue" time="0.271"/>
</testsuite> <!-- TestPage.TestDashboard.TestLockprint -->
