<?xml version="1.0" encoding="UTF-8"?>
<!-- Generated by org.testng.reporters.JUnitReportReporter -->
<testsuite hostname="MSI" failures="0" tests="5" name="TestPage.TestDashboard.Backup.TestDumpBackup" time="35.492" errors="0" timestamp="2020-02-05T23:55:25 GMT+03:00" skipped="0">
  <testcase classname="TestPage.TestDashboard.Backup.TestDumpBackup" name="testCreateDumpBackupScheduleIncorrect" time="0.776"/>
  <testcase classname="TestPage.TestDashboard.Backup.TestDumpBackup" name="testCreateDumpBackupMinFreeSpaceEmpty" time="0.561"/>
  <testcase classname="TestPage.TestDashboard.Backup.TestDumpBackup" name="testCreateDumpBackupPathFolderEmpty" time="0.666"/>
  <testcase classname="TestPage.TestDashboard.Backup.TestDumpBackup" name="testCreateDumpBackupMaxNumbFilesEmpty" time="0.572"/>
  <testcase classname="TestPage.TestDashboard.Backup.TestDumpBackup" name="testCreateDumpBackupCorrect" time="32.917"/>
</testsuite> <!-- TestPage.TestDashboard.Backup.TestDumpBackup -->
