<?xml version="1.0" encoding="UTF-8"?>
<!-- Generated by org.testng.reporters.JUnitReportReporter -->
<testsuite hostname="MSI" failures="0" tests="2" name="TestPage.TestDashboard.TestIndexStatistics" time="2.036" errors="0" timestamp="2020-04-02T15:43:14 GMT+03:00" skipped="0">
  <testcase classname="TestPage.TestDashboard.TestIndexStatistics" name="testCheckFieldPeriodEmptyValue" time="1.447"/>
  <testcase classname="TestPage.TestDashboard.TestIndexStatistics" name="testCheckFieldStatisticsArchiveDepthEmptyValue" time="0.589"/>
</testsuite> <!-- TestPage.TestDashboard.TestIndexStatistics -->
