<?xml version="1.0" encoding="UTF-8"?>
<!-- Generated by org.testng.reporters.JUnitReportReporter -->
<testsuite hostname="MSI" failures="0" tests="5" name="TestPage.TestDashboard.Backup.TestDumpBackup" time="37.947" errors="0" timestamp="2020-04-02T15:43:14 GMT+03:00" skipped="0">
  <testcase classname="TestPage.TestDashboard.Backup.TestDumpBackup" name="testCreateDumpBackupScheduleIncorrect" time="1.065"/>
  <testcase classname="TestPage.TestDashboard.Backup.TestDumpBackup" name="testCreateDumpBackupMinFreeSpaceEmpty" time="0.996"/>
  <testcase classname="TestPage.TestDashboard.Backup.TestDumpBackup" name="testCreateDumpBackupPathFolderEmpty" time="1.166"/>
  <testcase classname="TestPage.TestDashboard.Backup.TestDumpBackup" name="testCreateDumpBackupMaxNumbFilesEmpty" time="0.884"/>
  <testcase classname="TestPage.TestDashboard.Backup.TestDumpBackup" name="testCreateDumpBackupCorrect" time="33.836"/>
</testsuite> <!-- TestPage.TestDashboard.Backup.TestDumpBackup -->
