<?xml version="1.0" encoding="UTF-8"?>
<!-- Generated by org.testng.reporters.JUnitReportReporter -->
<testsuite hostname="MSI" failures="0" tests="3" name="TestPage.TestDashboard.TestSweepSchedule" time="3.064" errors="0" timestamp="2020-03-03T23:16:49 GMT+03:00" skipped="0">
  <testcase classname="TestPage.TestDashboard.TestSweepSchedule" name="testCheckPeriodEmptyField" time="1.311"/>
  <testcase classname="TestPage.TestDashboard.TestSweepSchedule" name="testCheckFiledDeadlockScansThresholdEmptyValue" time="1.502"/>
  <testcase classname="TestPage.TestDashboard.TestSweepSchedule" name="testCreateFiledDeadlockScansThresholdNumbNegativeValue" time="0.251"/>
</testsuite> <!-- TestPage.TestDashboard.TestSweepSchedule -->
