<?xml version="1.0" encoding="UTF-8"?>
<!-- Generated by org.testng.reporters.JUnitReportReporter -->
<testsuite hostname="MSI" failures="0" tests="9" name="TestPage.TestDashboard.Replica.TestReplica" time="10.960" errors="0" timestamp="2020-01-19T17:14:58 GMT+03:00" skipped="0">
  <testcase classname="TestPage.TestDashboard.Replica.TestReplica" name="testCheckPeriodEmptyField" time="0.259"/>
  <testcase classname="TestPage.TestDashboard.Replica.TestReplica" name="testCheckMonitorFolderEmptyField" time="0.791"/>
  <testcase classname="TestPage.TestDashboard.Replica.TestReplica" name="testCheckFilenameTemplateEmptyField" time="0.704"/>
  <testcase classname="TestPage.TestDashboard.Replica.TestReplica" name="testCheckFiledConnectionFtpEmptyField" time="0.904"/>
  <testcase classname="TestPage.TestDashboard.Replica.TestReplica" name="testCheckKeepNSourceFilesFieldEmptyField" time="0.804"/>
  <testcase classname="TestPage.TestDashboard.Replica.TestReplica" name="testCheckFtpServerEmptyField" time="3.695"/>
  <testcase classname="TestPage.TestDashboard.Replica.TestReplica" name="testCheckFtpPortEmptyField" time="1.380"/>
  <testcase classname="TestPage.TestDashboard.Replica.TestReplica" name="testAddFtpCorrect" time="0.399"/>
  <testcase classname="TestPage.TestDashboard.Replica.TestReplica" name="testAddCloudBackupCorrect" time="2.024"/>
</testsuite> <!-- TestPage.TestDashboard.Replica.TestReplica -->
