<?xml version="1.0" encoding="UTF-8"?>
<!-- Generated by org.testng.reporters.JUnitReportReporter -->
<testsuite hostname="mlaptev" failures="0" tests="1" name="TestPage.TestDashboard.Backup.TestCloudBackup" time="0.024" errors="0" timestamp="2019-12-26T10:19:07 MSK" skipped="0">
  <testcase classname="TestPage.TestDashboard.Backup.TestCloudBackup" name="testCreateVBScheduleIncorrect" time="0.024"/>
</testsuite> <!-- TestPage.TestDashboard.Backup.TestCloudBackup -->
