<?xml version="1.0" encoding="UTF-8"?>
<!-- Generated by org.testng.reporters.JUnitReportReporter -->
<testsuite hostname="MSI" failures="0" tests="7" name="TestPage.TestDashboard.Backup.TestCloudBackupReceiver" time="11.684" errors="0" timestamp="2020-04-02T15:43:14 GMT+03:00" skipped="0">
  <testcase classname="TestPage.TestDashboard.Backup.TestCloudBackupReceiver" name="testCheckPeriodEmptyField" time="2.601"/>
  <testcase classname="TestPage.TestDashboard.Backup.TestCloudBackupReceiver" name="testCheckWatchIncomingFilesEmptyField" time="1.481"/>
  <testcase classname="TestPage.TestDashboard.Backup.TestCloudBackupReceiver" name="testCheckFilenameTemplateEmptyField" time="1.413"/>
  <testcase classname="TestPage.TestDashboard.Backup.TestCloudBackupReceiver" name="testCheckExtensionPackedFilesEmptyField" time="1.407"/>
  <testcase classname="TestPage.TestDashboard.Backup.TestCloudBackupReceiver" name="testCheckDecryptPasswordEmptyField" time="1.457"/>
  <testcase classname="TestPage.TestDashboard.Backup.TestCloudBackupReceiver" name="testCheckAlertFileCountIncorrectValue" time="1.854"/>
  <testcase classname="TestPage.TestDashboard.Backup.TestCloudBackupReceiver" name="testCheckAlertFileAgeEmptyField" time="1.471"/>
</testsuite> <!-- TestPage.TestDashboard.Backup.TestCloudBackupReceiver -->
