<?xml version="1.0" encoding="UTF-8"?>
<!-- Generated by org.testng.reporters.JUnitReportReporter -->
<testsuite hostname="MSI" failures="0" tests="7" name="TestPage.TestDashboard.Backup.TestCloudBackupReceiver" time="7.602" errors="0" timestamp="2020-02-05T23:55:26 GMT+03:00" skipped="0">
  <testcase classname="TestPage.TestDashboard.Backup.TestCloudBackupReceiver" name="testCheckPeriodEmptyField" time="2.191"/>
  <testcase classname="TestPage.TestDashboard.Backup.TestCloudBackupReceiver" name="testCheckWatchIncomingFilesEmptyField" time="0.903"/>
  <testcase classname="TestPage.TestDashboard.Backup.TestCloudBackupReceiver" name="testCheckFilenameTemplateEmptyField" time="0.875"/>
  <testcase classname="TestPage.TestDashboard.Backup.TestCloudBackupReceiver" name="testCheckExtensionPackedFilesEmptyField" time="0.885"/>
  <testcase classname="TestPage.TestDashboard.Backup.TestCloudBackupReceiver" name="testCheckDecryptPasswordEmptyField" time="0.878"/>
  <testcase classname="TestPage.TestDashboard.Backup.TestCloudBackupReceiver" name="testCheckAlertFileCountIncorrectValue" time="0.906"/>
  <testcase classname="TestPage.TestDashboard.Backup.TestCloudBackupReceiver" name="testCheckAlertFileAgeEmptyField" time="0.964"/>
</testsuite> <!-- TestPage.TestDashboard.Backup.TestCloudBackupReceiver -->
