<?xml version="1.0" encoding="UTF-8"?>
<!-- Generated by org.testng.reporters.JUnitReportReporter -->
<testsuite hostname="MSI" failures="0" tests="3" name="TestPage.TestDashboard.TestSweepSchedule" time="3.317" errors="0" timestamp="2020-04-02T15:43:14 GMT+03:00" skipped="0">
  <testcase classname="TestPage.TestDashboard.TestSweepSchedule" name="testCheckPeriodEmptyField" time="1.445"/>
  <testcase classname="TestPage.TestDashboard.TestSweepSchedule" name="testCheckFiledDeadlockScansThresholdEmptyValue" time="1.570"/>
  <testcase classname="TestPage.TestDashboard.TestSweepSchedule" name="testCreateFiledDeadlockScansThresholdNumbNegativeValue" time="0.302"/>
</testsuite> <!-- TestPage.TestDashboard.TestSweepSchedule -->
