<?xml version="1.0" encoding="UTF-8"?>
<!-- Generated by org.testng.reporters.JUnitReportReporter -->
<testsuite hostname="MSI" failures="0" tests="10" name="TestPage.TestDashboard.Backup.TestRestoreDb" time="46.136" errors="0" timestamp="2020-02-05T23:55:25 GMT+03:00" skipped="0">
  <testcase classname="TestPage.TestDashboard.Backup.TestRestoreDb" name="testCreateRestoreDbScheduleIncorrect" time="1.731"/>
  <testcase classname="TestPage.TestDashboard.Backup.TestRestoreDb" name="testCreateRestoreDbBackupFolderEmptyField" time="1.313"/>
  <testcase classname="TestPage.TestDashboard.Backup.TestRestoreDb" name="testCreateRestoreDbPathTemplateBackupFolderEmptyField" time="1.243"/>
  <testcase classname="TestPage.TestDashboard.Backup.TestRestoreDb" name="testCreateRestoreTimeTakeBackupEmptyField" time="1.267"/>
  <testcase classname="TestPage.TestDashboard.Backup.TestRestoreDb" name="testCreateRestoreDbPathRestoreFolderEmptyField" time="1.378"/>
  <testcase classname="TestPage.TestDashboard.Backup.TestRestoreDb" name="testCreateRestoreDbRestoreFileNameEmptyField" time="1.758"/>
  <testcase classname="TestPage.TestDashboard.Backup.TestRestoreDb" name="testCreateRestoreDbSuffixFileNameEmptyField" time="1.242"/>
  <testcase classname="TestPage.TestDashboard.Backup.TestRestoreDb" name="testCreateRestoreDbLimitProcessTimeEmptyField" time="1.317"/>
  <testcase classname="TestPage.TestDashboard.Backup.TestRestoreDb" name="testCreateRestoreDbMinFreeSpaceEmptyField" time="1.230"/>
  <testcase classname="TestPage.TestDashboard.Backup.TestRestoreDb" name="testCreateRestoreDbCorrect" time="33.657"/>
</testsuite> <!-- TestPage.TestDashboard.Backup.TestRestoreDb -->
