<?xml version="1.0" encoding="UTF-8"?>
<!-- Generated by org.testng.reporters.JUnitReportReporter -->
<testsuite hostname="MSI" failures="0" tests="6" name="TestPage.TestDashboard.TestDatabase" time="9.312" errors="0" timestamp="2020-03-03T23:16:49 GMT+03:00" skipped="0">
  <testcase classname="TestPage.TestDashboard.TestDatabase" name="testAddDbEmptyPath" time="0.394"/>
  <testcase classname="TestPage.TestDashboard.TestDatabase" name="testAddDbEmptyName" time="0.379"/>
  <testcase classname="TestPage.TestDashboard.TestDatabase" name="testAddDbIncorrectPath" time="0.298"/>
  <testcase classname="TestPage.TestDashboard.TestDatabase" name="testAddDbIncorrectAlias" time="0.548"/>
  <testcase classname="TestPage.TestDashboard.TestDatabase" name="testAddDbCorrect" time="5.471"/>
  <testcase classname="TestPage.TestDashboard.TestDatabase" name="testAddDbAlreadyExist" time="2.222"/>
</testsuite> <!-- TestPage.TestDashboard.TestDatabase -->
