<?xml version="1.0" encoding="UTF-8"?>
<!-- Generated by org.testng.reporters.JUnitReportReporter -->
<testsuite hostname="MSI" failures="0" tests="2" name="TestPage.TestDashboard.TestIndexStatistics" time="1.782" errors="0" timestamp="2020-02-05T23:55:26 GMT+03:00" skipped="0">
  <testcase classname="TestPage.TestDashboard.TestIndexStatistics" name="testCheckFieldPeriodEmptyValue" time="1.354"/>
  <testcase classname="TestPage.TestDashboard.TestIndexStatistics" name="testCheckFieldStatisticsArchiveDepthEmptyValue" time="0.428"/>
</testsuite> <!-- TestPage.TestDashboard.TestIndexStatistics -->
