<?xml version="1.0" encoding="UTF-8"?>
<!-- Generated by org.testng.reporters.JUnitReportReporter -->
<testsuite hostname="MSI" failures="0" tests="3" name="TestPage.TestDashboard.TestSweepSchedule" time="3.144" errors="0" timestamp="2020-02-05T23:55:25 GMT+03:00" skipped="0">
  <testcase classname="TestPage.TestDashboard.TestSweepSchedule" name="testCheckPeriodEmptyField" time="1.362"/>
  <testcase classname="TestPage.TestDashboard.TestSweepSchedule" name="testCheckFiledDeadlockScansThresholdEmptyValue" time="1.517"/>
  <testcase classname="TestPage.TestDashboard.TestSweepSchedule" name="testCreateFiledDeadlockScansThresholdNumbNegativeValue" time="0.265"/>
</testsuite> <!-- TestPage.TestDashboard.TestSweepSchedule -->
