<?xml version="1.0" encoding="UTF-8"?>
<!-- Generated by org.testng.reporters.JUnitReportReporter -->
<testsuite hostname="MSI" failures="0" tests="7" name="TestPage.TestDashboard.Backup.TestCloudBackup" time="8.699" errors="0" timestamp="2020-03-03T23:16:48 GMT+03:00" skipped="0">
  <testcase classname="TestPage.TestDashboard.Backup.TestCloudBackup" name="testCheckPeriodEmptyField" time="0.277"/>
  <testcase classname="TestPage.TestDashboard.Backup.TestCloudBackup" name="testCheckMonitorFolderEmptyField" time="0.786"/>
  <testcase classname="TestPage.TestDashboard.Backup.TestCloudBackup" name="testCheckFilenameTemplateEmptyField" time="0.789"/>
  <testcase classname="TestPage.TestDashboard.Backup.TestCloudBackup" name="testCheckFiledConnectionFtpEmptyField" time="0.763"/>
  <testcase classname="TestPage.TestDashboard.Backup.TestCloudBackup" name="testCheckKeepNSourceFilesFieldEmptyField" time="0.757"/>
  <testcase classname="TestPage.TestDashboard.Backup.TestCloudBackup" name="testCheckFtpServerEmptyField" time="3.850"/>
  <testcase classname="TestPage.TestDashboard.Backup.TestCloudBackup" name="testCheckFtpPortEmptyField" time="1.477"/>
</testsuite> <!-- TestPage.TestDashboard.Backup.TestCloudBackup -->
