<?xml version="1.0" encoding="UTF-8"?>
<!-- Generated by org.testng.reporters.JUnitReportReporter -->
<testsuite hostname="MSI" failures="0" tests="4" name="TestPage.TestDashboard.Backup.TestVerifiedBackup" time="35.764" errors="0" timestamp="2020-02-05T23:55:25 GMT+03:00" skipped="0">
  <testcase classname="TestPage.TestDashboard.Backup.TestVerifiedBackup" name="testCreateVerifiedBackupScheduleIncorrect" time="0.760"/>
  <testcase classname="TestPage.TestDashboard.Backup.TestVerifiedBackup" name="testCreateVerifiedBackupMaxNumbNegative" time="0.458"/>
  <testcase classname="TestPage.TestDashboard.Backup.TestVerifiedBackup" name="testCreateVerifiedBackupMaxNumbNotNumbers" time="0.446"/>
  <testcase classname="TestPage.TestDashboard.Backup.TestVerifiedBackup" name="testCreateVerifiedBackupCorrect" time="34.100"/>
</testsuite> <!-- TestPage.TestDashboard.Backup.TestVerifiedBackup -->
