<?xml version="1.0" encoding="UTF-8"?>
<!-- Generated by org.testng.reporters.JUnitReportReporter -->
<testsuite hostname="MSI" failures="0" tests="2" name="TestPage.TestPerformance.TestPerformanceMonitoring" time="3.721" errors="0" timestamp="2020-02-05T23:55:25 GMT+03:00" skipped="0">
  <testcase classname="TestPage.TestPerformance.TestPerformanceMonitoring" name="testCheckPeriodEmptyField" time="3.059"/>
  <testcase classname="TestPage.TestPerformance.TestPerformanceMonitoring" name="testCheckFieldOutputFolderEmptyValue" time="0.662"/>
</testsuite> <!-- TestPage.TestPerformance.TestPerformanceMonitoring -->
