<?xml version="1.0" encoding="UTF-8"?>
<!-- Generated by org.testng.reporters.JUnitReportReporter -->
<testsuite hostname="MSI" failures="0" tests="7" name="TestPage.TestDashboard.Backup.TestCloudBackupReceiver" time="8.120" errors="0" timestamp="2020-03-03T23:16:49 GMT+03:00" skipped="0">
  <testcase classname="TestPage.TestDashboard.Backup.TestCloudBackupReceiver" name="testCheckPeriodEmptyField" time="2.233"/>
  <testcase classname="TestPage.TestDashboard.Backup.TestCloudBackupReceiver" name="testCheckWatchIncomingFilesEmptyField" time="0.975"/>
  <testcase classname="TestPage.TestDashboard.Backup.TestCloudBackupReceiver" name="testCheckFilenameTemplateEmptyField" time="0.951"/>
  <testcase classname="TestPage.TestDashboard.Backup.TestCloudBackupReceiver" name="testCheckExtensionPackedFilesEmptyField" time="0.916"/>
  <testcase classname="TestPage.TestDashboard.Backup.TestCloudBackupReceiver" name="testCheckDecryptPasswordEmptyField" time="0.999"/>
  <testcase classname="TestPage.TestDashboard.Backup.TestCloudBackupReceiver" name="testCheckAlertFileCountIncorrectValue" time="1.043"/>
  <testcase classname="TestPage.TestDashboard.Backup.TestCloudBackupReceiver" name="testCheckAlertFileAgeEmptyField" time="1.003"/>
</testsuite> <!-- TestPage.TestDashboard.Backup.TestCloudBackupReceiver -->
