<?xml version="1.0" encoding="UTF-8"?>
<!-- Generated by org.testng.reporters.JUnitReportReporter -->
<testsuite hostname="MSI" failures="0" tests="4" name="TestPage.TestDashboard.TestTransactions" time="3.819" errors="0" timestamp="2020-04-02T15:43:14 GMT+03:00" skipped="0">
  <testcase classname="TestPage.TestDashboard.TestTransactions" name="testCheckPeriodEmptyField" time="1.444"/>
  <testcase classname="TestPage.TestDashboard.TestTransactions" name="testCheckFiledAlterOSTOITMoreEmptyField" time="0.836"/>
  <testcase classname="TestPage.TestDashboard.TestTransactions" name="testCheckFiledMaxTransactionsEmptyField" time="0.765"/>
  <testcase classname="TestPage.TestDashboard.TestTransactions" name="testCheckFiledAlterNextOATMoreEmptyField" time="0.774"/>
</testsuite> <!-- TestPage.TestDashboard.TestTransactions -->
