<?xml version="1.0" encoding="UTF-8"?>
<!-- Generated by org.testng.reporters.JUnitReportReporter -->
<testsuite hostname="MSI" failures="0" tests="8" name="TestPage.TestPerformance.TestTransactionMonitoring" time="7.275" errors="0" timestamp="2020-04-02T15:43:14 GMT+03:00" skipped="0">
  <testcase classname="TestPage.TestPerformance.TestTransactionMonitoring" name="testCheckPeriodEmptyField" time="2.458"/>
  <testcase classname="TestPage.TestPerformance.TestTransactionMonitoring" name="testCheckFieldOutputFolderEmptyValue" time="0.900"/>
  <testcase classname="TestPage.TestPerformance.TestTransactionMonitoring" name="testCheckFiledShowTransactionsOlderEmptyValue" time="0.861"/>
  <testcase classname="TestPage.TestPerformance.TestTransactionMonitoring" name="testCreateFiledShowTransactionsOlderNumbNegativeValue" time="0.250"/>
  <testcase classname="TestPage.TestPerformance.TestTransactionMonitoring" name="testCheckSendAlertOldestActiveTransactionEmptyValue" time="0.851"/>
  <testcase classname="TestPage.TestPerformance.TestTransactionMonitoring" name="testCreateSendAlertOldestActiveTransactionNumbNegativeValue" time="0.291"/>
  <testcase classname="TestPage.TestPerformance.TestTransactionMonitoring" name="testCheckShowOnlyNNOldestActiveTransactionsEmptyValue" time="1.400"/>
  <testcase classname="TestPage.TestPerformance.TestTransactionMonitoring" name="testCreateShowOnlyNNOldestActiveTransactionsNumbNegativeValue" time="0.264"/>
</testsuite> <!-- TestPage.TestPerformance.TestTransactionMonitoring -->
