<?xml version="1.0" encoding="UTF-8"?>
<!-- Generated by org.testng.reporters.JUnitReportReporter -->
<testsuite hostname="MSI" failures="0" tests="2" name="TestPage.TestPerformance.TestPerformanceMonitoring" time="4.822" errors="0" timestamp="2020-04-02T15:43:14 GMT+03:00" skipped="0">
  <testcase classname="TestPage.TestPerformance.TestPerformanceMonitoring" name="testCheckPeriodEmptyField" time="2.896"/>
  <testcase classname="TestPage.TestPerformance.TestPerformanceMonitoring" name="testCheckFieldOutputFolderEmptyValue" time="1.926"/>
</testsuite> <!-- TestPage.TestPerformance.TestPerformanceMonitoring -->
