<?xml version="1.0" encoding="UTF-8"?>
<!-- Generated by org.testng.reporters.JUnitReportReporter -->
<testsuite hostname="MSI" failures="0" tests="15" name="TestPage.TestDashboard.Replica.TestReplica" time="186.565" errors="0" timestamp="2020-04-02T15:43:14 GMT+03:00" skipped="0">
  <testcase classname="TestPage.TestDashboard.Replica.TestReplica" name="testCreateMasterSync_EmptyReplicaDatabaseField" time="2.206"/>
  <testcase classname="TestPage.TestDashboard.Replica.TestReplica" name="testCreateMasterSync_Correct" time="4.601"/>
  <testcase classname="TestPage.TestDashboard.Replica.TestReplica" name="testCreateReplicaSync_Correct" time="7.861"/>
  <testcase classname="TestPage.TestDashboard.Replica.TestReplica" name="testCreateMasterAsync_EmptyLogDirectoryField" time="6.998"/>
  <testcase classname="TestPage.TestDashboard.Replica.TestReplica" name="testCreateMasterAsync_EmptyLogArchiveDirectoryField" time="1.668"/>
  <testcase classname="TestPage.TestDashboard.Replica.TestReplica" name="testCreateMasterAsync_IncorrectLogArchiveTimeoutField" time="0.669"/>
  <testcase classname="TestPage.TestDashboard.Replica.TestReplica" name="testCreateMasterAsync_Correct" time="5.633"/>
  <testcase classname="TestPage.TestDashboard.Replica.TestReplica" name="testCreateMasterAsync_CheckCreateTable" time="80.019"/>
  <testcase classname="TestPage.TestDashboard.Replica.TestReplica" name="testCreateMasterAsync_ReinitializeReplicaDatabaseCorrect" time="22.052"/>
  <testcase classname="TestPage.TestDashboard.Replica.TestReplica" name="testCreateReplicaAsync_EmptyLogArchiveDirectoryField" time="15.378"/>
  <testcase classname="TestPage.TestDashboard.Replica.TestReplica" name="testCreateReplicaAsync_Correct" time="3.857"/>
  <testcase classname="TestPage.TestDashboard.Replica.TestReplica" name="testAddFtpCorrect" time="11.950"/>
  <testcase classname="TestPage.TestDashboard.Replica.TestReplica" name="testAddCloudBackupCorrect" time="9.918"/>
  <testcase classname="TestPage.TestDashboard.Replica.TestReplica" name="testAddCloudBackupReceiverCorrect" time="8.750"/>
  <testcase classname="TestPage.TestDashboard.Replica.TestReplica" name="testCreateReplicaAsync_CheckSelectTable" time="5.005"/>
</testsuite> <!-- TestPage.TestDashboard.Replica.TestReplica -->
