<?xml version="1.0" encoding="UTF-8"?>
<!-- Generated by org.testng.reporters.JUnitReportReporter -->
<testsuite hostname="MSI" failures="0" tests="5" name="TestPage.TestDashboard.Backup.TestDumpBackup" time="35.238" errors="0" timestamp="2020-03-03T23:16:49 GMT+03:00" skipped="0">
  <testcase classname="TestPage.TestDashboard.Backup.TestDumpBackup" name="testCreateDumpBackupScheduleIncorrect" time="0.727"/>
  <testcase classname="TestPage.TestDashboard.Backup.TestDumpBackup" name="testCreateDumpBackupMinFreeSpaceEmpty" time="0.584"/>
  <testcase classname="TestPage.TestDashboard.Backup.TestDumpBackup" name="testCreateDumpBackupPathFolderEmpty" time="0.602"/>
  <testcase classname="TestPage.TestDashboard.Backup.TestDumpBackup" name="testCreateDumpBackupMaxNumbFilesEmpty" time="0.616"/>
  <testcase classname="TestPage.TestDashboard.Backup.TestDumpBackup" name="testCreateDumpBackupCorrect" time="32.709"/>
</testsuite> <!-- TestPage.TestDashboard.Backup.TestDumpBackup -->
