<?xml version="1.0" encoding="UTF-8"?>
<!-- Generated by org.testng.reporters.JUnitReportReporter -->
<testsuite hostname="MSI" failures="0" tests="3" name="TestPage.TestDashboard.Backup.TestValidateDb" time="36.671" errors="0" timestamp="2020-04-02T15:43:14 GMT+03:00" skipped="0">
  <testcase classname="TestPage.TestDashboard.Backup.TestValidateDb" name="testCheckScheduleIncorrectField" time="1.456"/>
  <testcase classname="TestPage.TestDashboard.Backup.TestValidateDb" name="testCheckShutdownTimeoutEmptyField" time="0.595"/>
  <testcase classname="TestPage.TestDashboard.Backup.TestValidateDb" name="testCreateValidateBDCorrect" time="34.620"/>
</testsuite> <!-- TestPage.TestDashboard.Backup.TestValidateDb -->
