<?xml version="1.0" encoding="UTF-8"?>
<!-- Generated by org.testng.reporters.JUnitReportReporter -->
<testsuite hostname="MSI" failures="0" tests="4" name="TestPage.TestDashboard.TestLowLevelMetadata" time="3.251" errors="0" timestamp="2020-03-03T23:16:48 GMT+03:00" skipped="0">
  <testcase classname="TestPage.TestDashboard.TestLowLevelMetadata" name="testCheckPeriodEmptyField" time="1.370"/>
  <testcase classname="TestPage.TestDashboard.TestLowLevelMetadata" name="testCheckFieldMetadataFolderEmptyValue" time="0.624"/>
  <testcase classname="TestPage.TestDashboard.TestLowLevelMetadata" name="testCheckFieldMaxFormatsEmptyValue" time="0.637"/>
  <testcase classname="TestPage.TestDashboard.TestLowLevelMetadata" name="testCheckFieldDateFormatFolderNameEmptyValue" time="0.620"/>
</testsuite> <!-- TestPage.TestDashboard.TestLowLevelMetadata -->
