<?xml version="1.0" encoding="UTF-8"?>
<!-- Generated by org.testng.reporters.JUnitReportReporter -->
<testsuite hostname="MSI" failures="0" tests="4" name="TestPage.TestDashboard.Backup.TestVerifiedBackup" time="36.060" errors="0" timestamp="2020-03-03T23:16:48 GMT+03:00" skipped="0">
  <testcase classname="TestPage.TestDashboard.Backup.TestVerifiedBackup" name="testCreateVerifiedBackupScheduleIncorrect" time="1.311"/>
  <testcase classname="TestPage.TestDashboard.Backup.TestVerifiedBackup" name="testCreateVerifiedBackupMaxNumbNegative" time="0.486"/>
  <testcase classname="TestPage.TestDashboard.Backup.TestVerifiedBackup" name="testCreateVerifiedBackupMaxNumbNotNumbers" time="0.502"/>
  <testcase classname="TestPage.TestDashboard.Backup.TestVerifiedBackup" name="testCreateVerifiedBackupCorrect" time="33.761"/>
</testsuite> <!-- TestPage.TestDashboard.Backup.TestVerifiedBackup -->
