<?xml version="1.0" encoding="UTF-8"?>
<!-- Generated by org.testng.reporters.JUnitReportReporter -->
<testsuite hostname="MSI" failures="0" tests="3" name="TestPage.TestDashboard.TestDiskSpace" time="2.166" errors="0" timestamp="2020-02-05T23:55:25 GMT+03:00" skipped="0">
  <testcase classname="TestPage.TestDashboard.TestDiskSpace" name="testCheckPeriodEmptyField" time="1.334"/>
  <testcase classname="TestPage.TestDashboard.TestDiskSpace" name="testCheckFiledMaxDeltaBytesEmptyValue" time="0.420"/>
  <testcase classname="TestPage.TestDashboard.TestDiskSpace" name="testCheckFiledMaxDeltaMinutesEmptyValue" time="0.412"/>
</testsuite> <!-- TestPage.TestDashboard.TestDiskSpace -->
