<?xml version="1.0" encoding="UTF-8"?>
<!-- Generated by org.testng.reporters.JUnitReportReporter -->
<testsuite hostname="MSI" failures="0" tests="21" name="TestPage.TestDashboard.TestLockprint" time="20.222" errors="0" timestamp="2020-04-02T15:43:14 GMT+03:00" skipped="0">
  <testcase classname="TestPage.TestDashboard.TestLockprint" name="testCheckPeriodEmptyField" time="0.312"/>
  <testcase classname="TestPage.TestDashboard.TestLockprint" name="testCheckFiledDeadlockScansThresholdEmptyValue" time="1.822"/>
  <testcase classname="TestPage.TestDashboard.TestLockprint" name="testCreateFiledDeadlockScansThresholdNumbNegativeValue" time="0.323"/>
  <testcase classname="TestPage.TestDashboard.TestLockprint" name="testCheckFiledDeadlockThresholdEmptyValue" time="1.512"/>
  <testcase classname="TestPage.TestDashboard.TestLockprint" name="testCreateFiledDeadlockThresholdNumbNegativeValue" time="0.332"/>
  <testcase classname="TestPage.TestDashboard.TestLockprint" name="testCheckFiledMutexWaitThresholdEmptyValue" time="1.564"/>
  <testcase classname="TestPage.TestDashboard.TestLockprint" name="testCreateFiledMutexWaitThresholdNumbNegativeValue" time="0.336"/>
  <testcase classname="TestPage.TestDashboard.TestLockprint" name="testCheckFiledHashSlotsEmptyValue" time="1.539"/>
  <testcase classname="TestPage.TestDashboard.TestLockprint" name="testCreateFiledHashSlotsNumbNegativeValue" time="0.341"/>
  <testcase classname="TestPage.TestDashboard.TestLockprint" name="testCheckFiledMinLengthEmptyValue" time="1.537"/>
  <testcase classname="TestPage.TestDashboard.TestLockprint" name="testCreateFiledMinLengthNumbNegativeValue" time="0.328"/>
  <testcase classname="TestPage.TestDashboard.TestLockprint" name="testCheckFiledAverageLengthEmptyValue" time="1.894"/>
  <testcase classname="TestPage.TestDashboard.TestLockprint" name="testCreateFiledAverageLengthNumbNegativeValue" time="0.415"/>
  <testcase classname="TestPage.TestDashboard.TestLockprint" name="testCheckFiledOwnersLimitEmptyValue" time="1.573"/>
  <testcase classname="TestPage.TestDashboard.TestLockprint" name="testCreateFiledOwnersLimitNumbNegativeValue" time="0.327"/>
  <testcase classname="TestPage.TestDashboard.TestLockprint" name="testCheckFiledFreeOwnersLimitEmptyValue" time="1.940"/>
  <testcase classname="TestPage.TestDashboard.TestLockprint" name="testCreateFiledFreeOwnersLimitNumbNegativeValue" time="0.349"/>
  <testcase classname="TestPage.TestDashboard.TestLockprint" name="testCheckFiledLockTableSizeEmptyValue" time="1.563"/>
  <testcase classname="TestPage.TestDashboard.TestLockprint" name="testCreateFiledLockTableSizeNumbNegativeValue" time="0.363"/>
  <testcase classname="TestPage.TestDashboard.TestLockprint" name="testCheckFiledBuffersMaxEmptyValue" time="1.504"/>
  <testcase classname="TestPage.TestDashboard.TestLockprint" name="testCreateFiledBuffersMaxNumbNegativeValue" time="0.348"/>
</testsuite> <!-- TestPage.TestDashboard.TestLockprint -->
