<?xml version="1.0" encoding="UTF-8"?>
<!-- Generated by org.testng.reporters.JUnitReportReporter -->
<testsuite hostname="MSI" failures="0" tests="4" name="TestPage.TestDashboard.TestDbStatus" time="3.053" errors="0" timestamp="2020-02-05T23:55:26 GMT+03:00" skipped="0">
  <testcase classname="TestPage.TestDashboard.TestDbStatus" name="testCheckPeriodEmptyField" time="1.290"/>
  <testcase classname="TestPage.TestDashboard.TestDbStatus" name="testCheckStoreStatisticEmptyField" time="0.640"/>
  <testcase classname="TestPage.TestDashboard.TestDbStatus" name="testCheckStatisticsArchiveDepthEmptyValue" time="0.551"/>
  <testcase classname="TestPage.TestDashboard.TestDbStatus" name="testCheckStatisticsFileNamePatternEmptyField" time="0.572"/>
</testsuite> <!-- TestPage.TestDashboard.TestDbStatus -->
