<?xml version="1.0" encoding="UTF-8"?>
<!-- Generated by org.testng.reporters.JUnitReportReporter -->
<testsuite hostname="MSI" failures="0" tests="8" name="TestPage.TestPerformance.TestTransactionMonitoring" time="5.328" errors="0" timestamp="2020-02-05T23:55:26 GMT+03:00" skipped="0">
  <testcase classname="TestPage.TestPerformance.TestTransactionMonitoring" name="testCheckPeriodEmptyField" time="2.475"/>
  <testcase classname="TestPage.TestPerformance.TestTransactionMonitoring" name="testCheckFieldOutputFolderEmptyValue" time="0.606"/>
  <testcase classname="TestPage.TestPerformance.TestTransactionMonitoring" name="testCheckFiledShowTransactionsOlderEmptyValue" time="0.554"/>
  <testcase classname="TestPage.TestPerformance.TestTransactionMonitoring" name="testCreateFiledShowTransactionsOlderNumbNegativeValue" time="0.207"/>
  <testcase classname="TestPage.TestPerformance.TestTransactionMonitoring" name="testCheckSendAlertOldestActiveTransactionEmptyValue" time="0.539"/>
  <testcase classname="TestPage.TestPerformance.TestTransactionMonitoring" name="testCreateSendAlertOldestActiveTransactionNumbNegativeValue" time="0.200"/>
  <testcase classname="TestPage.TestPerformance.TestTransactionMonitoring" name="testCheckShowOnlyNNOldestActiveTransactionsEmptyValue" time="0.540"/>
  <testcase classname="TestPage.TestPerformance.TestTransactionMonitoring" name="testCreateShowOnlyNNOldestActiveTransactionsNumbNegativeValue" time="0.207"/>
</testsuite> <!-- TestPage.TestPerformance.TestTransactionMonitoring -->
