<?xml version="1.0" encoding="UTF-8"?>
<!-- Generated by org.testng.reporters.JUnitReportReporter -->
<testsuite hostname="MSI" failures="0" tests="4" name="TestPage.TestDashboard.TestLowLevelMetadata" time="4.051" errors="0" timestamp="2020-04-02T15:43:14 GMT+03:00" skipped="0">
  <testcase classname="TestPage.TestDashboard.TestLowLevelMetadata" name="testCheckPeriodEmptyField" time="1.449"/>
  <testcase classname="TestPage.TestDashboard.TestLowLevelMetadata" name="testCheckFieldMetadataFolderEmptyValue" time="0.894"/>
  <testcase classname="TestPage.TestDashboard.TestLowLevelMetadata" name="testCheckFieldMaxFormatsEmptyValue" time="0.834"/>
  <testcase classname="TestPage.TestDashboard.TestLowLevelMetadata" name="testCheckFieldDateFormatFolderNameEmptyValue" time="0.874"/>
</testsuite> <!-- TestPage.TestDashboard.TestLowLevelMetadata -->
