<?xml version="1.0" encoding="UTF-8"?>
<!-- Generated by org.testng.reporters.JUnitReportReporter -->
<testsuite hostname="MSI" failures="0" tests="4" name="TestPage.TestDashboard.TestDbStatus" time="4.056" errors="0" timestamp="2020-04-02T15:43:14 GMT+03:00" skipped="0">
  <testcase classname="TestPage.TestDashboard.TestDbStatus" name="testCheckPeriodEmptyField" time="1.531"/>
  <testcase classname="TestPage.TestDashboard.TestDbStatus" name="testCheckStoreStatisticEmptyField" time="0.883"/>
  <testcase classname="TestPage.TestDashboard.TestDbStatus" name="testCheckStatisticsArchiveDepthEmptyValue" time="0.839"/>
  <testcase classname="TestPage.TestDashboard.TestDbStatus" name="testCheckStatisticsFileNamePatternEmptyField" time="0.803"/>
</testsuite> <!-- TestPage.TestDashboard.TestDbStatus -->
